2021-03-15 16:21:52,323 INFO o.a.j.u.JMeterUtils: Setting Locale to en_EN
2021-03-15 16:21:52,368 INFO o.a.j.JMeter: Loading user properties from: /usr/local/Cellar/jmeter/5.4/libexec/bin/user.properties
2021-03-15 16:21:52,372 INFO o.a.j.JMeter: Loading system properties from: /usr/local/Cellar/jmeter/5.4/libexec/bin/system.properties
2021-03-15 16:21:52,390 INFO o.a.j.JMeter: Copyright (c) 1998-2020 The Apache Software Foundation
2021-03-15 16:21:52,390 INFO o.a.j.JMeter: Version 5.4
2021-03-15 16:21:52,390 INFO o.a.j.JMeter: java.version=15.0.1
2021-03-15 16:21:52,390 INFO o.a.j.JMeter: java.vm.name=OpenJDK 64-Bit Server VM
2021-03-15 16:21:52,391 INFO o.a.j.JMeter: os.name=Mac OS X
2021-03-15 16:21:52,391 INFO o.a.j.JMeter: os.arch=x86_64
2021-03-15 16:21:52,391 INFO o.a.j.JMeter: os.version=11.2.2
2021-03-15 16:21:52,391 INFO o.a.j.JMeter: file.encoding=UTF-8
2021-03-15 16:21:52,391 INFO o.a.j.JMeter: java.awt.headless=null
2021-03-15 16:21:52,391 INFO o.a.j.JMeter: Max memory     =1073741824
2021-03-15 16:21:52,392 INFO o.a.j.JMeter: Available Processors =4
2021-03-15 16:21:52,422 INFO o.a.j.JMeter: Default Locale=English (EN)
2021-03-15 16:21:52,422 INFO o.a.j.JMeter: JMeter  Locale=English (EN)
2021-03-15 16:21:52,427 INFO o.a.j.JMeter: JMeterHome=/usr/local/Cellar/jmeter/5.4/libexec
2021-03-15 16:21:52,427 INFO o.a.j.JMeter: user.dir  =/Users/everis/Developer/Angular/jmeter-console
2021-03-15 16:21:52,427 INFO o.a.j.JMeter: PWD       =/Users/everis/Developer/Angular/jmeter-console
2021-03-15 16:21:52,432 INFO o.a.j.JMeter: IP: 192.168.20.26 Name: MAD-FVFWW8ZZHV29.local FullName: 192.168.20.26
2021-03-15 16:21:53,237 INFO o.a.j.JMeter: Setting LAF to: com.github.weisj.darklaf.DarkLaf:com.github.weisj.darklaf.theme.DarculaTheme
2021-03-15 16:21:55,813 INFO o.a.j.JMeter: Loaded icon properties from org/apache/jmeter/images/icon.properties
2021-03-15 16:22:02,503 INFO o.j.r.JARSourceHTTP: Requesting https://jmeter-plugins.org/repo/?installID=mac_os_x-09626767fc3dae34c55d41312c3a1297-gui
2021-03-15 16:22:04,404 INFO o.j.r.PluginManager: Plugins Status: [jpgc-graphs-basic=2.0, jpgc-graphs-additional=2.0, jpgc-casutg=2.9, jpgc-perfmon=2.1, jpgc-plugins-manager=1.6, jpgc-tst=2.5, jmeter-core=5.4, jmeter-ftp=5.4, jmeter-http=5.4, jmeter-jdbc=5.4, jmeter-jms=5.4, jmeter-junit=5.4, jmeter-java=5.4, jmeter-ldap=5.4, jmeter-mail=5.4, jmeter-mongodb=5.4, jmeter-native=5.4, jmeter-tcp=5.4, jmeter-components=5.4]
2021-03-15 16:22:44,328 INFO o.a.j.s.FileServer: Default base='/Users/everis/Developer/Angular/jmeter-console'
2021-03-15 16:22:44,333 INFO o.a.j.g.a.Load: Loading file: /Users/everis/Downloads/jmx-5McD.jmx
2021-03-15 16:22:44,333 INFO o.a.j.s.FileServer: Set new base='/Users/everis/Downloads'
2021-03-15 16:22:44,815 INFO o.a.j.s.SaveService: Testplan (JMX) version: 2.2. Testlog (JTL) version: 2.2
2021-03-15 16:22:44,882 INFO o.a.j.s.SaveService: Using SaveService properties version 5.0
2021-03-15 16:22:44,885 INFO o.a.j.s.SaveService: Using SaveService properties file encoding UTF-8
2021-03-15 16:22:44,890 INFO o.a.j.s.SaveService: Loading file: /Users/everis/Downloads/jmx-5McD.jmx
2021-03-15 16:22:45,192 INFO o.a.j.p.h.s.HTTPSamplerBase: Parser for text/html is org.apache.jmeter.protocol.http.parser.LagartoBasedHtmlParser
2021-03-15 16:22:45,192 INFO o.a.j.p.h.s.HTTPSamplerBase: Parser for application/xhtml+xml is org.apache.jmeter.protocol.http.parser.LagartoBasedHtmlParser
2021-03-15 16:22:45,193 INFO o.a.j.p.h.s.HTTPSamplerBase: Parser for application/xml is org.apache.jmeter.protocol.http.parser.LagartoBasedHtmlParser
2021-03-15 16:22:45,193 INFO o.a.j.p.h.s.HTTPSamplerBase: Parser for text/xml is org.apache.jmeter.protocol.http.parser.LagartoBasedHtmlParser
2021-03-15 16:22:45,193 INFO o.a.j.p.h.s.HTTPSamplerBase: Parser for text/vnd.wap.wml is org.apache.jmeter.protocol.http.parser.RegexpHTMLParser
2021-03-15 16:22:45,194 INFO o.a.j.p.h.s.HTTPSamplerBase: Parser for text/css is org.apache.jmeter.protocol.http.parser.CssParser
2021-03-15 16:22:45,263 INFO o.a.j.e.u.CompoundVariable: Note: Function class names must contain the string: '.functions.'
2021-03-15 16:22:45,263 INFO o.a.j.e.u.CompoundVariable: Note: Function class names must not contain the string: '.gui.'
2021-03-15 16:22:45,419 WARN o.a.j.g.a.Load: Unexpected error. java.lang.NullPointerException
java.lang.NullPointerException: null
	at java.util.ArrayDeque.addLast(ArrayDeque.java:303) ~[?:?]
	at java.util.ArrayDeque.add(ArrayDeque.java:494) ~[?:?]
	at org.apache.jmeter.gui.action.LoadRecentProject.updateRecentFileMenuItems(LoadRecentProject.java:125) ~[ApacheJMeter_core.jar:5.4]
	at org.apache.jmeter.gui.util.JMeterMenuBar.setProjectFileLoaded(JMeterMenuBar.java:144) ~[ApacheJMeter_core.jar:5.4]
	at org.apache.jmeter.gui.MainFrame.setProjectFileLoaded(MainFrame.java:330) ~[ApacheJMeter_core.jar:5.4]
	at org.apache.jmeter.gui.GuiPackage.setTestPlanFile(GuiPackage.java:732) ~[ApacheJMeter_core.jar:5.4]
	at org.apache.jmeter.gui.action.Load.loadProjectFile(Load.java:136) ~[ApacheJMeter_core.jar:5.4]
	at org.apache.jmeter.gui.action.Load.loadProjectFile(Load.java:101) ~[ApacheJMeter_core.jar:5.4]
	at org.apache.jmeter.gui.action.Load.doActionAfterCheck(Load.java:88) ~[ApacheJMeter_core.jar:5.4]
	at org.apache.jmeter.gui.action.AbstractActionWithNoRunningTest.doAction(AbstractActionWithNoRunningTest.java:44) ~[ApacheJMeter_core.jar:5.4]
	at org.apache.jmeter.gui.action.ActionRouter.performAction(ActionRouter.java:87) ~[ApacheJMeter_core.jar:5.4]
	at org.apache.jmeter.gui.action.ActionRouter.lambda$actionPerformed$0(ActionRouter.java:69) ~[ApacheJMeter_core.jar:5.4]
	at java.awt.event.InvocationEvent.dispatch(InvocationEvent.java:316) ~[?:?]
	at java.awt.EventQueue.dispatchEventImpl(EventQueue.java:770) ~[?:?]
	at java.awt.EventQueue$4.run(EventQueue.java:721) ~[?:?]
	at java.awt.EventQueue$4.run(EventQueue.java:715) ~[?:?]
	at java.security.AccessController.doPrivileged(AccessController.java:391) [?:?]
	at java.security.ProtectionDomain$JavaSecurityAccessImpl.doIntersectionPrivilege(ProtectionDomain.java:85) [?:?]
	at java.awt.EventQueue.dispatchEvent(EventQueue.java:740) [?:?]
	at java.awt.EventDispatchThread.pumpOneEventForFilters(EventDispatchThread.java:203) [?:?]
	at java.awt.EventDispatchThread.pumpEventsForFilter(EventDispatchThread.java:124) [?:?]
	at java.awt.EventDispatchThread.pumpEventsForHierarchy(EventDispatchThread.java:113) [?:?]
	at java.awt.EventDispatchThread.pumpEvents(EventDispatchThread.java:109) [?:?]
	at java.awt.EventDispatchThread.pumpEvents(EventDispatchThread.java:101) [?:?]
	at java.awt.EventDispatchThread.run(EventDispatchThread.java:90) [?:?]
2021-03-15 16:22:45,428 ERROR o.a.j.u.JMeterUtils: Unexpected error - see log for details
2021-03-15 16:23:44,671 INFO o.a.j.e.StandardJMeterEngine: Running the test!
2021-03-15 16:23:44,673 INFO o.a.j.s.SampleEvent: List of sample_variables: []
2021-03-15 16:23:44,673 INFO o.a.j.s.SampleEvent: List of sample_variables: []
2021-03-15 16:23:44,675 INFO o.a.j.g.u.JMeterMenuBar: setRunning(true, *local*)
2021-03-15 16:23:44,764 INFO o.a.j.e.StandardJMeterEngine: Starting ThreadGroup: 1 : Baja-prueba
2021-03-15 16:23:44,765 INFO o.a.j.e.StandardJMeterEngine: Starting 150 threads for group Baja-prueba.
2021-03-15 16:23:44,765 INFO o.a.j.e.StandardJMeterEngine: Thread will continue on error
2021-03-15 16:23:44,768 INFO o.a.j.e.StandardJMeterEngine: All thread groups have been started
2021-03-15 16:23:44,768 INFO c.b.j.t.c.ConcurrencyThreadStarter: Start supplying threads
2021-03-15 16:23:44,774 INFO o.a.j.t.JMeterThread: Thread started: Baja-prueba-ThreadStarter 1-1
2021-03-15 16:23:44,776 INFO o.a.j.s.SampleResult: Note: Sample TimeStamps are START times
2021-03-15 16:23:44,776 INFO o.a.j.s.SampleResult: sampleresult.default.encoding is set to ISO-8859-1
2021-03-15 16:23:44,776 INFO o.a.j.s.SampleResult: sampleresult.useNanoTime=true
2021-03-15 16:23:44,776 INFO o.a.j.s.SampleResult: sampleresult.nanoThreadSleep=5000
2021-03-15 16:23:44,782 INFO o.a.j.t.JMeterThread: Thread started: Baja-prueba-ThreadStarter 1-2
2021-03-15 16:23:44,786 INFO o.a.j.t.JMeterThread: Thread started: Baja-prueba-ThreadStarter 1-3
2021-03-15 16:23:44,798 INFO o.a.j.t.JMeterThread: Thread started: Baja-prueba-ThreadStarter 1-4
2021-03-15 16:23:44,809 INFO o.a.j.t.JMeterThread: Thread started: Baja-prueba-ThreadStarter 1-5
2021-03-15 16:23:44,825 INFO o.a.j.t.JMeterThread: Thread started: Baja-prueba-ThreadStarter 1-6
2021-03-15 16:23:44,830 INFO o.a.j.t.JMeterThread: Thread started: Baja-prueba-ThreadStarter 1-7
2021-03-15 16:23:44,843 INFO o.a.j.t.JMeterThread: Thread started: Baja-prueba-ThreadStarter 1-8
2021-03-15 16:23:44,851 INFO o.a.j.t.JMeterThread: Thread started: Baja-prueba-ThreadStarter 1-9
2021-03-15 16:23:44,865 INFO o.a.j.t.JMeterThread: Thread started: Baja-prueba-ThreadStarter 1-10
2021-03-15 16:23:44,875 INFO o.a.j.t.JMeterThread: Thread started: Baja-prueba-ThreadStarter 1-11
2021-03-15 16:23:44,877 INFO o.a.j.t.JMeterThread: Thread started: Baja-prueba-ThreadStarter 1-12
2021-03-15 16:23:44,880 INFO o.a.j.t.JMeterThread: Thread started: Baja-prueba-ThreadStarter 1-13
2021-03-15 16:23:44,926 INFO o.a.j.t.JMeterThread: Thread started: Baja-prueba-ThreadStarter 1-14
2021-03-15 16:23:44,939 INFO o.a.j.t.JMeterThread: Thread started: Baja-prueba-ThreadStarter 1-15
2021-03-15 16:23:48,982 INFO o.a.j.g.a.Start: Stopping test
2021-03-15 16:23:49,008 INFO o.a.j.t.JMeterThread: Thread is done: Baja-prueba-ThreadStarter 1-11
2021-03-15 16:23:49,008 INFO c.b.j.t.c.ConcurrencyThreadStarter: Done supplying threads
2021-03-15 16:23:49,008 INFO o.a.j.t.JMeterThread: Stopping: Baja-prueba-ThreadStarter 1-4
2021-03-15 16:23:49,008 INFO o.a.j.t.JMeterThread: Thread is done: Baja-prueba-ThreadStarter 1-10
2021-03-15 16:23:49,008 WARN o.a.j.t.JMeterThread: Interrupting: Baja-prueba-ThreadStarter 1-4 sampler: HTTP Request
2021-03-15 16:23:49,008 INFO o.a.j.t.JMeterThread: Thread finished: Baja-prueba-ThreadStarter 1-10
2021-03-15 16:23:49,009 WARN o.a.j.t.JMeterThread: No operation pending
2021-03-15 16:23:49,009 INFO o.a.j.t.JMeterThread: Stopping: Baja-prueba-ThreadStarter 1-6
2021-03-15 16:23:49,009 WARN o.a.j.t.JMeterThread: Interrupting: Baja-prueba-ThreadStarter 1-6 sampler: HTTP Request
2021-03-15 16:23:49,009 WARN o.a.j.t.JMeterThread: No operation pending
2021-03-15 16:23:49,009 INFO o.a.j.t.JMeterThread: Stopping: Baja-prueba-ThreadStarter 1-5
2021-03-15 16:23:49,009 INFO o.a.j.t.JMeterThread: Stopping: Baja-prueba-ThreadStarter 1-1
2021-03-15 16:23:49,009 INFO o.a.j.t.JMeterThread: Stopping: Baja-prueba-ThreadStarter 1-2
2021-03-15 16:23:49,009 WARN o.a.j.t.JMeterThread: Interrupting: Baja-prueba-ThreadStarter 1-2 sampler: HTTP Request
2021-03-15 16:23:49,009 WARN o.a.j.t.JMeterThread: No operation pending
2021-03-15 16:23:49,010 INFO o.a.j.t.JMeterThread: Stopping: Baja-prueba-ThreadStarter 1-14
2021-03-15 16:23:49,010 WARN o.a.j.t.JMeterThread: Interrupting: Baja-prueba-ThreadStarter 1-14 sampler: HTTP Request
2021-03-15 16:23:49,010 WARN o.a.j.t.JMeterThread: No operation pending
2021-03-15 16:23:49,010 INFO o.a.j.t.JMeterThread: Stopping: Baja-prueba-ThreadStarter 1-7
2021-03-15 16:23:49,010 WARN o.a.j.t.JMeterThread: Interrupting: Baja-prueba-ThreadStarter 1-7 sampler: HTTP Request
2021-03-15 16:23:49,010 WARN o.a.j.t.JMeterThread: No operation pending
2021-03-15 16:23:49,010 INFO o.a.j.t.JMeterThread: Stopping: Baja-prueba-ThreadStarter 1-8
2021-03-15 16:23:49,010 INFO o.a.j.t.JMeterThread: Stopping: Baja-prueba-ThreadStarter 1-9
2021-03-15 16:23:49,010 WARN o.a.j.t.JMeterThread: Interrupting: Baja-prueba-ThreadStarter 1-9 sampler: HTTP Request
2021-03-15 16:23:49,011 WARN o.a.j.t.JMeterThread: No operation pending
2021-03-15 16:23:49,011 INFO o.a.j.t.JMeterThread: Stopping: Baja-prueba-ThreadStarter 1-13
2021-03-15 16:23:49,011 WARN o.a.j.t.JMeterThread: Interrupting: Baja-prueba-ThreadStarter 1-13 sampler: HTTP Request
2021-03-15 16:23:49,011 WARN o.a.j.t.JMeterThread: No operation pending
2021-03-15 16:23:49,011 INFO o.a.j.t.JMeterThread: Stopping: Baja-prueba-ThreadStarter 1-15
2021-03-15 16:23:49,012 WARN o.a.j.t.JMeterThread: Interrupting: Baja-prueba-ThreadStarter 1-15 sampler: HTTP Request
2021-03-15 16:23:49,012 WARN o.a.j.t.JMeterThread: No operation pending
2021-03-15 16:23:49,012 INFO o.a.j.t.JMeterThread: Stopping: Baja-prueba-ThreadStarter 1-11
2021-03-15 16:23:49,018 INFO o.a.j.t.JMeterThread: Thread is done: Baja-prueba-ThreadStarter 1-6
2021-03-15 16:23:49,022 INFO o.a.j.t.JMeterThread: Thread finished: Baja-prueba-ThreadStarter 1-6
2021-03-15 16:23:49,023 INFO o.a.j.t.JMeterThread: Thread is done: Baja-prueba-ThreadStarter 1-9
2021-03-15 16:23:49,023 INFO o.a.j.t.JMeterThread: Thread finished: Baja-prueba-ThreadStarter 1-9
2021-03-15 16:23:49,027 INFO o.a.j.t.JMeterThread: Thread is done: Baja-prueba-ThreadStarter 1-8
2021-03-15 16:23:49,027 INFO o.a.j.t.JMeterThread: Thread finished: Baja-prueba-ThreadStarter 1-8
2021-03-15 16:23:49,033 INFO o.a.j.t.JMeterThread: Thread is done: Baja-prueba-ThreadStarter 1-14
2021-03-15 16:23:49,033 INFO o.a.j.t.JMeterThread: Thread finished: Baja-prueba-ThreadStarter 1-14
2021-03-15 16:23:49,035 INFO o.a.j.t.JMeterThread: Thread is done: Baja-prueba-ThreadStarter 1-2
2021-03-15 16:23:49,036 INFO o.a.j.t.JMeterThread: Thread finished: Baja-prueba-ThreadStarter 1-2
2021-03-15 16:23:49,036 INFO o.a.j.t.JMeterThread: Thread is done: Baja-prueba-ThreadStarter 1-7
2021-03-15 16:23:49,038 INFO o.a.j.t.JMeterThread: Thread finished: Baja-prueba-ThreadStarter 1-7
2021-03-15 16:23:49,098 INFO o.a.j.t.JMeterThread: Thread is done: Baja-prueba-ThreadStarter 1-3
2021-03-15 16:23:49,099 INFO o.a.j.t.JMeterThread: Thread finished: Baja-prueba-ThreadStarter 1-3
2021-03-15 16:23:49,099 INFO o.a.j.t.JMeterThread: Thread is done: Baja-prueba-ThreadStarter 1-13
2021-03-15 16:23:49,099 INFO o.a.j.t.JMeterThread: Thread finished: Baja-prueba-ThreadStarter 1-13
2021-03-15 16:23:49,100 INFO o.a.j.t.JMeterThread: Thread is done: Baja-prueba-ThreadStarter 1-15
2021-03-15 16:23:49,008 INFO o.a.j.t.JMeterThread: Thread finished: Baja-prueba-ThreadStarter 1-11
2021-03-15 16:23:49,032 INFO o.a.j.t.JMeterThread: Thread is done: Baja-prueba-ThreadStarter 1-5
2021-03-15 16:23:49,029 INFO o.a.j.t.JMeterThread: Thread finished: Baja-prueba-ThreadStarter 1-1
2021-03-15 16:23:49,102 INFO o.a.j.t.JMeterThread: Thread finished: Baja-prueba-ThreadStarter 1-5
2021-03-15 16:23:49,029 INFO o.a.j.t.JMeterThread: Thread is done: Baja-prueba-ThreadStarter 1-12
2021-03-15 16:23:49,029 INFO o.a.j.t.JMeterThread: Thread is done: Baja-prueba-ThreadStarter 1-4
2021-03-15 16:23:49,103 INFO o.a.j.t.JMeterThread: Thread finished: Baja-prueba-ThreadStarter 1-4
2021-03-15 16:23:49,103 INFO o.a.j.e.StandardJMeterEngine: Notifying test listeners of end of test
2021-03-15 16:23:49,102 INFO o.a.j.t.JMeterThread: Thread finished: Baja-prueba-ThreadStarter 1-12
2021-03-15 16:23:49,103 INFO o.a.j.g.u.JMeterMenuBar: setRunning(false, *local*)
2021-03-15 16:23:49,133 INFO o.a.j.t.JMeterThread: Thread finished: Baja-prueba-ThreadStarter 1-15
2021-03-15 16:24:29,931 INFO o.a.j.e.StandardJMeterEngine: Running the test!
2021-03-15 16:24:29,932 INFO o.a.j.s.SampleEvent: List of sample_variables: []
2021-03-15 16:24:29,934 INFO o.a.j.g.u.JMeterMenuBar: setRunning(true, *local*)
2021-03-15 16:24:30,059 INFO o.a.j.e.StandardJMeterEngine: Starting ThreadGroup: 1 : Baja-prueba
2021-03-15 16:24:30,059 INFO o.a.j.e.StandardJMeterEngine: Starting 150 threads for group Baja-prueba.
2021-03-15 16:24:30,059 INFO o.a.j.e.StandardJMeterEngine: Thread will continue on error
2021-03-15 16:24:30,060 INFO c.b.j.t.c.ConcurrencyThreadStarter: Start supplying threads
2021-03-15 16:24:30,060 INFO o.a.j.e.StandardJMeterEngine: All thread groups have been started
2021-03-15 16:24:30,063 INFO o.a.j.t.JMeterThread: Thread started: Baja-prueba-ThreadStarter 1-1
2021-03-15 16:24:30,063 INFO o.a.j.t.JMeterThread: Thread started: Baja-prueba-ThreadStarter 1-2
2021-03-15 16:24:30,064 INFO o.a.j.t.JMeterThread: Thread started: Baja-prueba-ThreadStarter 1-3
2021-03-15 16:24:30,077 INFO o.a.j.t.JMeterThread: Thread started: Baja-prueba-ThreadStarter 1-4
2021-03-15 16:24:30,078 INFO o.a.j.t.JMeterThread: Thread started: Baja-prueba-ThreadStarter 1-5
2021-03-15 16:24:30,089 INFO o.a.j.t.JMeterThread: Thread started: Baja-prueba-ThreadStarter 1-6
2021-03-15 16:24:30,096 INFO o.a.j.t.JMeterThread: Thread started: Baja-prueba-ThreadStarter 1-7
2021-03-15 16:24:30,106 INFO o.a.j.t.JMeterThread: Thread started: Baja-prueba-ThreadStarter 1-8
2021-03-15 16:24:30,109 INFO o.a.j.t.JMeterThread: Thread started: Baja-prueba-ThreadStarter 1-9
2021-03-15 16:24:30,112 INFO o.a.j.t.JMeterThread: Thread started: Baja-prueba-ThreadStarter 1-10
2021-03-15 16:24:30,117 INFO o.a.j.t.JMeterThread: Thread started: Baja-prueba-ThreadStarter 1-11
2021-03-15 16:24:30,129 INFO o.a.j.t.JMeterThread: Thread started: Baja-prueba-ThreadStarter 1-12
2021-03-15 16:24:30,142 INFO o.a.j.t.JMeterThread: Thread started: Baja-prueba-ThreadStarter 1-13
2021-03-15 16:24:30,146 INFO o.a.j.t.JMeterThread: Thread started: Baja-prueba-ThreadStarter 1-14
2021-03-15 16:24:30,148 INFO o.a.j.t.JMeterThread: Thread started: Baja-prueba-ThreadStarter 1-15
2021-03-15 16:24:35,018 INFO o.a.j.g.a.Start: Stopping test
2021-03-15 16:24:35,138 INFO c.b.j.t.c.ConcurrencyThreadStarter: Done supplying threads
2021-03-15 16:24:35,138 INFO o.a.j.t.JMeterThread: Stopping: Baja-prueba-ThreadStarter 1-11
2021-03-15 16:24:35,138 WARN o.a.j.t.JMeterThread: Interrupting: Baja-prueba-ThreadStarter 1-11 sampler: HTTP Request
2021-03-15 16:24:35,138 WARN o.a.j.t.JMeterThread: No operation pending
2021-03-15 16:24:35,139 INFO o.a.j.t.JMeterThread: Stopping: Baja-prueba-ThreadStarter 1-14
2021-03-15 16:24:35,139 WARN o.a.j.t.JMeterThread: Interrupting: Baja-prueba-ThreadStarter 1-14 sampler: HTTP Request
2021-03-15 16:24:35,139 WARN o.a.j.t.JMeterThread: No operation pending
2021-03-15 16:24:35,139 INFO o.a.j.t.JMeterThread: Stopping: Baja-prueba-ThreadStarter 1-10
2021-03-15 16:24:35,139 WARN o.a.j.t.JMeterThread: Interrupting: Baja-prueba-ThreadStarter 1-10 sampler: HTTP Request
2021-03-15 16:24:35,140 WARN o.a.j.t.JMeterThread: No operation pending
2021-03-15 16:24:35,140 INFO o.a.j.t.JMeterThread: Stopping: Baja-prueba-ThreadStarter 1-1
2021-03-15 16:24:35,140 INFO o.a.j.t.JMeterThread: Stopping: Baja-prueba-ThreadStarter 1-5
2021-03-15 16:24:35,140 INFO o.a.j.t.JMeterThread: Stopping: Baja-prueba-ThreadStarter 1-2
2021-03-15 16:24:35,140 INFO o.a.j.t.JMeterThread: Stopping: Baja-prueba-ThreadStarter 1-12
2021-03-15 16:24:35,140 WARN o.a.j.t.JMeterThread: Interrupting: Baja-prueba-ThreadStarter 1-12 sampler: HTTP Request
2021-03-15 16:24:35,140 WARN o.a.j.t.JMeterThread: No operation pending
2021-03-15 16:24:35,140 INFO o.a.j.t.JMeterThread: Stopping: Baja-prueba-ThreadStarter 1-6
2021-03-15 16:24:35,140 INFO o.a.j.t.JMeterThread: Stopping: Baja-prueba-ThreadStarter 1-8
2021-03-15 16:24:35,140 WARN o.a.j.t.JMeterThread: Interrupting: Baja-prueba-ThreadStarter 1-8 sampler: HTTP Request
2021-03-15 16:24:35,140 WARN o.a.j.t.JMeterThread: No operation pending
2021-03-15 16:24:35,140 INFO o.a.j.t.JMeterThread: Stopping: Baja-prueba-ThreadStarter 1-4
2021-03-15 16:24:35,141 INFO o.a.j.t.JMeterThread: Stopping: Baja-prueba-ThreadStarter 1-3
2021-03-15 16:24:35,141 WARN o.a.j.t.JMeterThread: Interrupting: Baja-prueba-ThreadStarter 1-3 sampler: HTTP Request
2021-03-15 16:24:35,141 WARN o.a.j.t.JMeterThread: No operation pending
2021-03-15 16:24:35,141 INFO o.a.j.t.JMeterThread: Stopping: Baja-prueba-ThreadStarter 1-9
2021-03-15 16:24:35,141 INFO o.a.j.t.JMeterThread: Stopping: Baja-prueba-ThreadStarter 1-13
2021-03-15 16:24:35,141 INFO o.a.j.t.JMeterThread: Stopping: Baja-prueba-ThreadStarter 1-7
2021-03-15 16:24:35,141 WARN o.a.j.t.JMeterThread: Interrupting: Baja-prueba-ThreadStarter 1-7 sampler: HTTP Request
2021-03-15 16:24:35,141 WARN o.a.j.t.JMeterThread: No operation pending
2021-03-15 16:24:35,141 INFO o.a.j.t.JMeterThread: Stopping: Baja-prueba-ThreadStarter 1-15
2021-03-15 16:24:35,141 WARN o.a.j.t.JMeterThread: Interrupting: Baja-prueba-ThreadStarter 1-15 sampler: HTTP Request
2021-03-15 16:24:35,141 WARN o.a.j.t.JMeterThread: No operation pending
2021-03-15 16:24:35,142 INFO o.a.j.t.JMeterThread: Thread is done: Baja-prueba-ThreadStarter 1-5
2021-03-15 16:24:35,142 INFO o.a.j.t.JMeterThread: Thread finished: Baja-prueba-ThreadStarter 1-5
2021-03-15 16:24:35,143 INFO o.a.j.t.JMeterThread: Thread is done: Baja-prueba-ThreadStarter 1-10
2021-03-15 16:24:35,143 INFO o.a.j.t.JMeterThread: Thread is done: Baja-prueba-ThreadStarter 1-12
2021-03-15 16:24:35,144 INFO o.a.j.t.JMeterThread: Thread finished: Baja-prueba-ThreadStarter 1-12
2021-03-15 16:24:35,143 INFO o.a.j.t.JMeterThread: Thread is done: Baja-prueba-ThreadStarter 1-6
2021-03-15 16:24:35,145 INFO o.a.j.t.JMeterThread: Thread finished: Baja-prueba-ThreadStarter 1-6
2021-03-15 16:24:35,143 INFO o.a.j.t.JMeterThread: Thread finished: Baja-prueba-ThreadStarter 1-10
2021-03-15 16:24:35,145 INFO o.a.j.t.JMeterThread: Thread is done: Baja-prueba-ThreadStarter 1-2
2021-03-15 16:24:35,146 INFO o.a.j.t.JMeterThread: Thread finished: Baja-prueba-ThreadStarter 1-2
2021-03-15 16:24:35,146 INFO o.a.j.t.JMeterThread: Thread is done: Baja-prueba-ThreadStarter 1-15
2021-03-15 16:24:35,146 INFO o.a.j.t.JMeterThread: Thread finished: Baja-prueba-ThreadStarter 1-15
2021-03-15 16:24:35,147 INFO o.a.j.t.JMeterThread: Thread is done: Baja-prueba-ThreadStarter 1-11
2021-03-15 16:24:35,147 INFO o.a.j.t.JMeterThread: Thread finished: Baja-prueba-ThreadStarter 1-11
2021-03-15 16:24:35,147 INFO o.a.j.e.StandardJMeterEngine: Notifying test listeners of end of test
2021-03-15 16:24:35,148 INFO o.a.j.g.u.JMeterMenuBar: setRunning(false, *local*)
2021-03-15 16:24:35,147 INFO o.a.j.t.JMeterThread: Thread is done: Baja-prueba-ThreadStarter 1-4
2021-03-15 16:24:35,148 INFO o.a.j.t.JMeterThread: Thread finished: Baja-prueba-ThreadStarter 1-4
2021-03-15 16:24:35,149 INFO o.a.j.t.JMeterThread: Thread is done: Baja-prueba-ThreadStarter 1-3
2021-03-15 16:24:35,149 INFO o.a.j.t.JMeterThread: Thread finished: Baja-prueba-ThreadStarter 1-3
2021-03-15 16:24:35,149 INFO o.a.j.t.JMeterThread: Thread is done: Baja-prueba-ThreadStarter 1-8
2021-03-15 16:24:35,149 INFO o.a.j.t.JMeterThread: Thread finished: Baja-prueba-ThreadStarter 1-8
2021-03-15 16:24:35,149 INFO o.a.j.t.JMeterThread: Thread is done: Baja-prueba-ThreadStarter 1-13
2021-03-15 16:24:35,149 INFO o.a.j.t.JMeterThread: Thread is done: Baja-prueba-ThreadStarter 1-14
2021-03-15 16:24:35,149 INFO o.a.j.t.JMeterThread: Thread finished: Baja-prueba-ThreadStarter 1-13
2021-03-15 16:24:35,149 INFO o.a.j.t.JMeterThread: Thread finished: Baja-prueba-ThreadStarter 1-14
2021-03-15 16:24:35,150 INFO o.a.j.t.JMeterThread: Thread is done: Baja-prueba-ThreadStarter 1-9
2021-03-15 16:24:35,150 INFO o.a.j.t.JMeterThread: Thread finished: Baja-prueba-ThreadStarter 1-9
2021-03-15 16:24:35,150 INFO o.a.j.t.JMeterThread: Thread is done: Baja-prueba-ThreadStarter 1-1
2021-03-15 16:24:35,150 INFO o.a.j.t.JMeterThread: Thread finished: Baja-prueba-ThreadStarter 1-1
2021-03-15 16:24:35,197 INFO o.a.j.t.JMeterThread: Thread is done: Baja-prueba-ThreadStarter 1-7
2021-03-15 16:24:35,197 INFO o.a.j.t.JMeterThread: Thread finished: Baja-prueba-ThreadStarter 1-7
2021-03-15 16:24:43,988 INFO o.a.j.v.ViewResultsFullVisualizer: Add JavaFX to your Java installation if you want to use renderer: org.apache.jmeter.visualizers.RenderInBrowser
2021-03-15 16:24:45,897 INFO o.a.j.e.StandardJMeterEngine: Running the test!
2021-03-15 16:24:45,898 INFO o.a.j.s.SampleEvent: List of sample_variables: []
2021-03-15 16:24:45,898 INFO o.a.j.g.u.JMeterMenuBar: setRunning(true, *local*)
2021-03-15 16:24:46,000 INFO o.a.j.e.StandardJMeterEngine: Starting ThreadGroup: 1 : Baja-prueba
2021-03-15 16:24:46,000 INFO o.a.j.e.StandardJMeterEngine: Starting 150 threads for group Baja-prueba.
2021-03-15 16:24:46,000 INFO o.a.j.e.StandardJMeterEngine: Thread will continue on error
2021-03-15 16:24:46,001 INFO o.a.j.e.StandardJMeterEngine: All thread groups have been started
2021-03-15 16:24:46,001 INFO c.b.j.t.c.ConcurrencyThreadStarter: Start supplying threads
2021-03-15 16:24:46,002 INFO o.a.j.t.JMeterThread: Thread started: Baja-prueba-ThreadStarter 1-1
2021-03-15 16:24:46,004 INFO o.a.j.t.JMeterThread: Thread started: Baja-prueba-ThreadStarter 1-2
2021-03-15 16:24:46,014 INFO o.a.j.t.JMeterThread: Thread started: Baja-prueba-ThreadStarter 1-3
2021-03-15 16:24:46,021 INFO o.a.j.t.JMeterThread: Thread started: Baja-prueba-ThreadStarter 1-4
2021-03-15 16:24:46,029 INFO o.a.j.t.JMeterThread: Thread started: Baja-prueba-ThreadStarter 1-5
2021-03-15 16:24:46,038 INFO o.a.j.t.JMeterThread: Thread started: Baja-prueba-ThreadStarter 1-6
2021-03-15 16:24:46,042 INFO o.a.j.t.JMeterThread: Thread started: Baja-prueba-ThreadStarter 1-7
2021-03-15 16:24:46,048 INFO o.a.j.t.JMeterThread: Thread started: Baja-prueba-ThreadStarter 1-8
2021-03-15 16:24:46,058 INFO o.a.j.t.JMeterThread: Thread started: Baja-prueba-ThreadStarter 1-9
2021-03-15 16:24:46,063 INFO o.a.j.t.JMeterThread: Thread started: Baja-prueba-ThreadStarter 1-10
2021-03-15 16:24:46,073 INFO o.a.j.t.JMeterThread: Thread started: Baja-prueba-ThreadStarter 1-11
2021-03-15 16:24:46,074 INFO o.a.j.t.JMeterThread: Thread started: Baja-prueba-ThreadStarter 1-12
2021-03-15 16:24:46,075 INFO o.a.j.t.JMeterThread: Thread started: Baja-prueba-ThreadStarter 1-13
2021-03-15 16:24:46,079 INFO o.a.j.t.JMeterThread: Thread started: Baja-prueba-ThreadStarter 1-14
2021-03-15 16:24:46,079 INFO o.a.j.t.JMeterThread: Thread started: Baja-prueba-ThreadStarter 1-15
2021-03-15 16:24:48,048 INFO o.a.j.g.a.Start: Stopping test
2021-03-15 16:24:48,088 INFO c.b.j.t.c.ConcurrencyThreadStarter: Done supplying threads
2021-03-15 16:24:48,088 INFO o.a.j.t.JMeterThread: Stopping: Baja-prueba-ThreadStarter 1-1
2021-03-15 16:24:48,088 WARN o.a.j.t.JMeterThread: Interrupting: Baja-prueba-ThreadStarter 1-1 sampler: HTTP Request
2021-03-15 16:24:48,088 WARN o.a.j.t.JMeterThread: No operation pending
2021-03-15 16:24:48,088 INFO o.a.j.t.JMeterThread: Stopping: Baja-prueba-ThreadStarter 1-5
2021-03-15 16:24:48,089 INFO o.a.j.t.JMeterThread: Stopping: Baja-prueba-ThreadStarter 1-2
2021-03-15 16:24:48,089 WARN o.a.j.t.JMeterThread: Interrupting: Baja-prueba-ThreadStarter 1-2 sampler: HTTP Request
2021-03-15 16:24:48,089 WARN o.a.j.t.JMeterThread: No operation pending
2021-03-15 16:24:48,089 INFO o.a.j.t.JMeterThread: Stopping: Baja-prueba-ThreadStarter 1-11
2021-03-15 16:24:48,089 WARN o.a.j.t.JMeterThread: Interrupting: Baja-prueba-ThreadStarter 1-11 sampler: HTTP Request
2021-03-15 16:24:48,089 WARN o.a.j.t.JMeterThread: No operation pending
2021-03-15 16:24:48,089 INFO o.a.j.t.JMeterThread: Stopping: Baja-prueba-ThreadStarter 1-7
2021-03-15 16:24:48,089 WARN o.a.j.t.JMeterThread: Interrupting: Baja-prueba-ThreadStarter 1-7 sampler: HTTP Request
2021-03-15 16:24:48,089 WARN o.a.j.t.JMeterThread: No operation pending
2021-03-15 16:24:48,089 INFO o.a.j.t.JMeterThread: Stopping: Baja-prueba-ThreadStarter 1-13
2021-03-15 16:24:48,089 INFO o.a.j.t.JMeterThread: Stopping: Baja-prueba-ThreadStarter 1-6
2021-03-15 16:24:48,089 WARN o.a.j.t.JMeterThread: Interrupting: Baja-prueba-ThreadStarter 1-6 sampler: HTTP Request
2021-03-15 16:24:48,089 WARN o.a.j.t.JMeterThread: No operation pending
2021-03-15 16:24:48,090 INFO o.a.j.t.JMeterThread: Stopping: Baja-prueba-ThreadStarter 1-4
2021-03-15 16:24:48,090 WARN o.a.j.t.JMeterThread: Interrupting: Baja-prueba-ThreadStarter 1-4 sampler: HTTP Request
2021-03-15 16:24:48,090 WARN o.a.j.t.JMeterThread: No operation pending
2021-03-15 16:24:48,090 INFO o.a.j.t.JMeterThread: Stopping: Baja-prueba-ThreadStarter 1-15
2021-03-15 16:24:48,090 WARN o.a.j.t.JMeterThread: Interrupting: Baja-prueba-ThreadStarter 1-15 sampler: HTTP Request
2021-03-15 16:24:48,090 WARN o.a.j.t.JMeterThread: No operation pending
2021-03-15 16:24:48,090 INFO o.a.j.t.JMeterThread: Stopping: Baja-prueba-ThreadStarter 1-9
2021-03-15 16:24:48,090 INFO o.a.j.t.JMeterThread: Stopping: Baja-prueba-ThreadStarter 1-8
2021-03-15 16:24:48,090 WARN o.a.j.t.JMeterThread: Interrupting: Baja-prueba-ThreadStarter 1-8 sampler: HTTP Request
2021-03-15 16:24:48,090 WARN o.a.j.t.JMeterThread: No operation pending
2021-03-15 16:24:48,090 INFO o.a.j.t.JMeterThread: Stopping: Baja-prueba-ThreadStarter 1-10
2021-03-15 16:24:48,091 WARN o.a.j.t.JMeterThread: Interrupting: Baja-prueba-ThreadStarter 1-10 sampler: HTTP Request
2021-03-15 16:24:48,091 WARN o.a.j.t.JMeterThread: No operation pending
2021-03-15 16:24:48,091 INFO o.a.j.t.JMeterThread: Stopping: Baja-prueba-ThreadStarter 1-14
2021-03-15 16:24:48,091 INFO o.a.j.t.JMeterThread: Stopping: Baja-prueba-ThreadStarter 1-3
2021-03-15 16:24:48,091 WARN o.a.j.t.JMeterThread: Interrupting: Baja-prueba-ThreadStarter 1-3 sampler: HTTP Request
2021-03-15 16:24:48,091 WARN o.a.j.t.JMeterThread: No operation pending
2021-03-15 16:24:48,091 INFO o.a.j.t.JMeterThread: Stopping: Baja-prueba-ThreadStarter 1-12
2021-03-15 16:24:48,091 WARN o.a.j.t.JMeterThread: Interrupting: Baja-prueba-ThreadStarter 1-12 sampler: HTTP Request
2021-03-15 16:24:48,091 WARN o.a.j.t.JMeterThread: No operation pending
2021-03-15 16:24:48,096 INFO o.a.j.t.JMeterThread: Thread is done: Baja-prueba-ThreadStarter 1-14
2021-03-15 16:24:48,097 INFO o.a.j.t.JMeterThread: Thread finished: Baja-prueba-ThreadStarter 1-14
2021-03-15 16:24:48,099 INFO o.a.j.t.JMeterThread: Thread is done: Baja-prueba-ThreadStarter 1-3
2021-03-15 16:24:48,099 INFO o.a.j.t.JMeterThread: Thread finished: Baja-prueba-ThreadStarter 1-3
2021-03-15 16:24:48,100 INFO o.a.j.t.JMeterThread: Thread is done: Baja-prueba-ThreadStarter 1-9
2021-03-15 16:24:48,100 INFO o.a.j.t.JMeterThread: Thread finished: Baja-prueba-ThreadStarter 1-9
2021-03-15 16:24:48,102 INFO o.a.j.t.JMeterThread: Thread is done: Baja-prueba-ThreadStarter 1-12
2021-03-15 16:24:48,102 INFO o.a.j.t.JMeterThread: Thread finished: Baja-prueba-ThreadStarter 1-12
2021-03-15 16:24:48,105 INFO o.a.j.t.JMeterThread: Thread is done: Baja-prueba-ThreadStarter 1-8
2021-03-15 16:24:48,105 INFO o.a.j.t.JMeterThread: Thread is done: Baja-prueba-ThreadStarter 1-5
2021-03-15 16:24:48,105 INFO o.a.j.t.JMeterThread: Thread finished: Baja-prueba-ThreadStarter 1-8
2021-03-15 16:24:48,105 INFO o.a.j.t.JMeterThread: Thread finished: Baja-prueba-ThreadStarter 1-5
2021-03-15 16:24:48,107 INFO o.a.j.t.JMeterThread: Thread is done: Baja-prueba-ThreadStarter 1-10
2021-03-15 16:24:48,107 INFO o.a.j.t.JMeterThread: Thread finished: Baja-prueba-ThreadStarter 1-10
2021-03-15 16:24:48,114 INFO o.a.j.t.JMeterThread: Thread is done: Baja-prueba-ThreadStarter 1-11
2021-03-15 16:24:48,114 INFO o.a.j.t.JMeterThread: Thread finished: Baja-prueba-ThreadStarter 1-11
2021-03-15 16:24:48,116 INFO o.a.j.t.JMeterThread: Thread is done: Baja-prueba-ThreadStarter 1-15
2021-03-15 16:24:48,117 INFO o.a.j.t.JMeterThread: Thread finished: Baja-prueba-ThreadStarter 1-15
2021-03-15 16:24:48,118 INFO o.a.j.t.JMeterThread: Thread is done: Baja-prueba-ThreadStarter 1-7
2021-03-15 16:24:48,121 INFO o.a.j.t.JMeterThread: Thread finished: Baja-prueba-ThreadStarter 1-7
2021-03-15 16:24:48,127 INFO o.a.j.t.JMeterThread: Thread is done: Baja-prueba-ThreadStarter 1-13
2021-03-15 16:24:48,127 INFO o.a.j.t.JMeterThread: Thread finished: Baja-prueba-ThreadStarter 1-13
2021-03-15 16:24:48,127 INFO o.a.j.t.JMeterThread: Thread is done: Baja-prueba-ThreadStarter 1-2
2021-03-15 16:24:48,127 INFO o.a.j.t.JMeterThread: Thread finished: Baja-prueba-ThreadStarter 1-2
2021-03-15 16:24:48,128 INFO o.a.j.t.JMeterThread: Thread is done: Baja-prueba-ThreadStarter 1-4
2021-03-15 16:24:48,128 INFO o.a.j.t.JMeterThread: Thread finished: Baja-prueba-ThreadStarter 1-4
2021-03-15 16:24:48,130 INFO o.a.j.t.JMeterThread: Thread is done: Baja-prueba-ThreadStarter 1-1
2021-03-15 16:24:48,135 INFO o.a.j.t.JMeterThread: Thread finished: Baja-prueba-ThreadStarter 1-1
2021-03-15 16:24:48,148 INFO o.a.j.e.StandardJMeterEngine: Notifying test listeners of end of test
2021-03-15 16:24:48,149 INFO o.a.j.g.u.JMeterMenuBar: setRunning(false, *local*)
2021-03-15 16:24:48,151 INFO o.a.j.t.JMeterThread: Thread is done: Baja-prueba-ThreadStarter 1-6
2021-03-15 16:24:48,151 INFO o.a.j.t.JMeterThread: Thread finished: Baja-prueba-ThreadStarter 1-6
2021-03-15 16:25:38,513 INFO o.a.j.e.StandardJMeterEngine: Running the test!
2021-03-15 16:25:38,517 INFO o.a.j.s.SampleEvent: List of sample_variables: []
2021-03-15 16:25:38,519 INFO o.a.j.g.u.JMeterMenuBar: setRunning(true, *local*)
2021-03-15 16:25:38,623 INFO o.a.j.e.StandardJMeterEngine: Starting ThreadGroup: 1 : Baja-prueba
2021-03-15 16:25:38,623 INFO o.a.j.e.StandardJMeterEngine: Starting 150 threads for group Baja-prueba.
2021-03-15 16:25:38,623 INFO o.a.j.e.StandardJMeterEngine: Thread will continue on error
2021-03-15 16:25:38,625 INFO o.a.j.e.StandardJMeterEngine: All thread groups have been started
2021-03-15 16:25:38,625 INFO c.b.j.t.c.ConcurrencyThreadStarter: Start supplying threads
2021-03-15 16:25:38,626 INFO o.a.j.t.JMeterThread: Thread started: Baja-prueba-ThreadStarter 1-1
2021-03-15 16:25:38,628 INFO o.a.j.t.JMeterThread: Thread started: Baja-prueba-ThreadStarter 1-2
2021-03-15 16:25:38,630 INFO o.a.j.t.JMeterThread: Thread started: Baja-prueba-ThreadStarter 1-3
2021-03-15 16:25:38,634 INFO o.a.j.t.JMeterThread: Thread started: Baja-prueba-ThreadStarter 1-4
2021-03-15 16:25:38,638 INFO o.a.j.t.JMeterThread: Thread started: Baja-prueba-ThreadStarter 1-5
2021-03-15 16:25:38,642 INFO o.a.j.t.JMeterThread: Thread started: Baja-prueba-ThreadStarter 1-6
2021-03-15 16:25:38,648 INFO o.a.j.t.JMeterThread: Thread started: Baja-prueba-ThreadStarter 1-7
2021-03-15 16:25:38,651 INFO o.a.j.t.JMeterThread: Thread started: Baja-prueba-ThreadStarter 1-8
2021-03-15 16:25:38,656 INFO o.a.j.t.JMeterThread: Thread started: Baja-prueba-ThreadStarter 1-9
2021-03-15 16:25:38,657 INFO o.a.j.t.JMeterThread: Thread started: Baja-prueba-ThreadStarter 1-10
2021-03-15 16:25:38,660 INFO o.a.j.t.JMeterThread: Thread started: Baja-prueba-ThreadStarter 1-11
2021-03-15 16:25:38,661 INFO o.a.j.p.h.s.HTTPHCAbstractImpl: Local host = MAD-FVFWW8ZZHV29.local
2021-03-15 16:25:38,664 INFO o.a.j.t.JMeterThread: Thread started: Baja-prueba-ThreadStarter 1-12
2021-03-15 16:25:38,670 INFO o.a.j.t.JMeterThread: Thread started: Baja-prueba-ThreadStarter 1-13
2021-03-15 16:25:38,675 INFO o.a.j.t.JMeterThread: Thread started: Baja-prueba-ThreadStarter 1-14
2021-03-15 16:25:38,681 INFO o.a.j.t.JMeterThread: Thread started: Baja-prueba-ThreadStarter 1-15
2021-03-15 16:25:38,707 INFO o.a.j.p.h.s.HTTPHC4Impl: HTTP request retry count = 0
2021-03-15 16:26:03,065 INFO o.a.j.g.a.Start: Stopping test
2021-03-15 16:26:03,086 INFO o.a.j.t.JMeterThread: Stopping: Baja-prueba-ThreadStarter 1-11
2021-03-15 16:26:03,087 INFO c.b.j.t.c.ConcurrencyThreadStarter: Done supplying threads
2021-03-15 16:26:03,087 WARN o.a.j.t.JMeterThread: Interrupting: Baja-prueba-ThreadStarter 1-11 sampler: HTTP Request
2021-03-15 16:26:03,095 INFO o.a.j.t.JMeterThread: Stopping: Baja-prueba-ThreadStarter 1-4
2021-03-15 16:26:03,095 WARN o.a.j.t.JMeterThread: Interrupting: Baja-prueba-ThreadStarter 1-4 sampler: HTTP Request
2021-03-15 16:26:03,095 INFO o.a.j.t.JMeterThread: Thread is done: Baja-prueba-ThreadStarter 1-11
2021-03-15 16:26:03,096 INFO o.a.j.t.JMeterThread: Thread finished: Baja-prueba-ThreadStarter 1-11
2021-03-15 16:26:03,097 INFO o.a.j.t.JMeterThread: Thread is done: Baja-prueba-ThreadStarter 1-4
2021-03-15 16:26:03,098 INFO o.a.j.t.JMeterThread: Thread finished: Baja-prueba-ThreadStarter 1-4
2021-03-15 16:26:03,098 INFO o.a.j.t.JMeterThread: Stopping: Baja-prueba-ThreadStarter 1-3
2021-03-15 16:26:03,098 WARN o.a.j.t.JMeterThread: Interrupting: Baja-prueba-ThreadStarter 1-3 sampler: HTTP Request
2021-03-15 16:26:03,098 INFO o.a.j.e.StandardJMeterEngine: Notifying test listeners of end of test
2021-03-15 16:26:03,100 INFO o.a.j.g.u.JMeterMenuBar: setRunning(false, *local*)
2021-03-15 16:26:03,100 INFO o.a.j.t.JMeterThread: Stopping: Baja-prueba-ThreadStarter 1-7
2021-03-15 16:26:03,101 INFO o.a.j.t.JMeterThread: Thread is done: Baja-prueba-ThreadStarter 1-3
2021-03-15 16:26:03,100 WARN o.a.j.t.JMeterThread: Interrupting: Baja-prueba-ThreadStarter 1-7 sampler: HTTP Request
2021-03-15 16:26:03,101 INFO o.a.j.t.JMeterThread: Thread finished: Baja-prueba-ThreadStarter 1-3
2021-03-15 16:26:03,101 INFO o.a.j.t.JMeterThread: Stopping: Baja-prueba-ThreadStarter 1-8
2021-03-15 16:26:03,101 WARN o.a.j.t.JMeterThread: Interrupting: Baja-prueba-ThreadStarter 1-8 sampler: HTTP Request
2021-03-15 16:26:03,101 INFO o.a.j.t.JMeterThread: Thread is done: Baja-prueba-ThreadStarter 1-7
2021-03-15 16:26:03,102 INFO o.a.j.t.JMeterThread: Thread finished: Baja-prueba-ThreadStarter 1-7
2021-03-15 16:26:03,102 INFO o.a.j.t.JMeterThread: Stopping: Baja-prueba-ThreadStarter 1-1
2021-03-15 16:26:03,102 WARN o.a.j.t.JMeterThread: Interrupting: Baja-prueba-ThreadStarter 1-1 sampler: HTTP Request
2021-03-15 16:26:03,102 INFO o.a.j.t.JMeterThread: Stopping: Baja-prueba-ThreadStarter 1-9
2021-03-15 16:26:03,102 WARN o.a.j.t.JMeterThread: Interrupting: Baja-prueba-ThreadStarter 1-9 sampler: HTTP Request
2021-03-15 16:26:03,102 INFO o.a.j.t.JMeterThread: Thread is done: Baja-prueba-ThreadStarter 1-8
2021-03-15 16:26:03,102 INFO o.a.j.t.JMeterThread: Thread is done: Baja-prueba-ThreadStarter 1-1
2021-03-15 16:26:03,102 INFO o.a.j.t.JMeterThread: Thread finished: Baja-prueba-ThreadStarter 1-8
2021-03-15 16:26:03,102 INFO o.a.j.t.JMeterThread: Thread finished: Baja-prueba-ThreadStarter 1-1
2021-03-15 16:26:03,103 INFO o.a.j.t.JMeterThread: Stopping: Baja-prueba-ThreadStarter 1-2
2021-03-15 16:26:03,103 WARN o.a.j.t.JMeterThread: Interrupting: Baja-prueba-ThreadStarter 1-2 sampler: HTTP Request
2021-03-15 16:26:03,103 INFO o.a.j.t.JMeterThread: Thread is done: Baja-prueba-ThreadStarter 1-9
2021-03-15 16:26:03,103 INFO o.a.j.t.JMeterThread: Thread finished: Baja-prueba-ThreadStarter 1-9
2021-03-15 16:26:03,104 INFO o.a.j.t.JMeterThread: Stopping: Baja-prueba-ThreadStarter 1-5
2021-03-15 16:26:03,104 WARN o.a.j.t.JMeterThread: Interrupting: Baja-prueba-ThreadStarter 1-5 sampler: HTTP Request
2021-03-15 16:26:03,105 INFO o.a.j.t.JMeterThread: Thread is done: Baja-prueba-ThreadStarter 1-2
2021-03-15 16:26:03,105 INFO o.a.j.t.JMeterThread: Thread finished: Baja-prueba-ThreadStarter 1-2
2021-03-15 16:26:03,105 INFO o.a.j.t.JMeterThread: Stopping: Baja-prueba-ThreadStarter 1-12
2021-03-15 16:26:03,105 WARN o.a.j.t.JMeterThread: Interrupting: Baja-prueba-ThreadStarter 1-12 sampler: HTTP Request
2021-03-15 16:26:03,105 INFO o.a.j.t.JMeterThread: Thread is done: Baja-prueba-ThreadStarter 1-5
2021-03-15 16:26:03,105 INFO o.a.j.t.JMeterThread: Thread finished: Baja-prueba-ThreadStarter 1-5
2021-03-15 16:26:03,106 INFO o.a.j.t.JMeterThread: Stopping: Baja-prueba-ThreadStarter 1-15
2021-03-15 16:26:03,106 WARN o.a.j.t.JMeterThread: Interrupting: Baja-prueba-ThreadStarter 1-15 sampler: HTTP Request
2021-03-15 16:26:03,107 INFO o.a.j.t.JMeterThread: Thread is done: Baja-prueba-ThreadStarter 1-12
2021-03-15 16:26:03,107 INFO o.a.j.t.JMeterThread: Thread finished: Baja-prueba-ThreadStarter 1-12
2021-03-15 16:26:03,108 INFO o.a.j.t.JMeterThread: Thread is done: Baja-prueba-ThreadStarter 1-15
2021-03-15 16:26:03,109 INFO o.a.j.t.JMeterThread: Thread finished: Baja-prueba-ThreadStarter 1-15
2021-03-15 16:26:03,109 INFO o.a.j.t.JMeterThread: Stopping: Baja-prueba-ThreadStarter 1-6
2021-03-15 16:26:03,109 WARN o.a.j.t.JMeterThread: Interrupting: Baja-prueba-ThreadStarter 1-6 sampler: HTTP Request
2021-03-15 16:26:03,110 INFO o.a.j.t.JMeterThread: Stopping: Baja-prueba-ThreadStarter 1-10
2021-03-15 16:26:03,110 WARN o.a.j.t.JMeterThread: Interrupting: Baja-prueba-ThreadStarter 1-10 sampler: HTTP Request
2021-03-15 16:26:03,111 INFO o.a.j.t.JMeterThread: Thread is done: Baja-prueba-ThreadStarter 1-6
2021-03-15 16:26:03,111 INFO o.a.j.t.JMeterThread: Thread finished: Baja-prueba-ThreadStarter 1-6
2021-03-15 16:26:03,112 INFO o.a.j.t.JMeterThread: Thread is done: Baja-prueba-ThreadStarter 1-10
2021-03-15 16:26:03,112 INFO o.a.j.t.JMeterThread: Stopping: Baja-prueba-ThreadStarter 1-13
2021-03-15 16:26:03,112 WARN o.a.j.t.JMeterThread: Interrupting: Baja-prueba-ThreadStarter 1-13 sampler: HTTP Request
2021-03-15 16:26:03,112 INFO o.a.j.t.JMeterThread: Thread finished: Baja-prueba-ThreadStarter 1-10
2021-03-15 16:26:03,113 INFO o.a.j.t.JMeterThread: Stopping: Baja-prueba-ThreadStarter 1-14
2021-03-15 16:26:03,113 WARN o.a.j.t.JMeterThread: Interrupting: Baja-prueba-ThreadStarter 1-14 sampler: HTTP Request
2021-03-15 16:26:03,113 INFO o.a.j.t.JMeterThread: Thread is done: Baja-prueba-ThreadStarter 1-13
2021-03-15 16:26:03,114 INFO o.a.j.t.JMeterThread: Thread finished: Baja-prueba-ThreadStarter 1-13
2021-03-15 16:26:03,115 INFO o.a.j.t.JMeterThread: Thread is done: Baja-prueba-ThreadStarter 1-14
2021-03-15 16:26:03,115 INFO o.a.j.t.JMeterThread: Thread finished: Baja-prueba-ThreadStarter 1-14
2021-03-15 16:26:21,799 INFO o.a.j.e.StandardJMeterEngine: Running the test!
2021-03-15 16:26:21,800 INFO o.a.j.s.SampleEvent: List of sample_variables: []
2021-03-15 16:26:21,801 INFO o.a.j.g.u.JMeterMenuBar: setRunning(true, *local*)
2021-03-15 16:26:21,886 INFO o.a.j.e.StandardJMeterEngine: Starting ThreadGroup: 1 : Baja-prueba
2021-03-15 16:26:21,886 INFO o.a.j.e.StandardJMeterEngine: Starting 150 threads for group Baja-prueba.
2021-03-15 16:26:21,886 INFO o.a.j.e.StandardJMeterEngine: Thread will continue on error
2021-03-15 16:26:21,887 INFO o.a.j.e.StandardJMeterEngine: All thread groups have been started
2021-03-15 16:26:21,887 INFO c.b.j.t.c.ConcurrencyThreadStarter: Start supplying threads
2021-03-15 16:26:21,888 INFO o.a.j.t.JMeterThread: Thread started: Baja-prueba-ThreadStarter 1-1
2021-03-15 16:26:21,890 INFO o.a.j.t.JMeterThread: Thread started: Baja-prueba-ThreadStarter 1-2
2021-03-15 16:26:21,890 INFO o.a.j.t.JMeterThread: Thread started: Baja-prueba-ThreadStarter 1-3
2021-03-15 16:26:21,891 INFO o.a.j.t.JMeterThread: Thread started: Baja-prueba-ThreadStarter 1-4
2021-03-15 16:26:21,891 INFO o.a.j.t.JMeterThread: Thread started: Baja-prueba-ThreadStarter 1-5
2021-03-15 16:26:21,894 INFO o.a.j.t.JMeterThread: Thread started: Baja-prueba-ThreadStarter 1-6
2021-03-15 16:26:21,895 INFO o.a.j.t.JMeterThread: Thread started: Baja-prueba-ThreadStarter 1-7
2021-03-15 16:26:21,897 INFO o.a.j.t.JMeterThread: Thread started: Baja-prueba-ThreadStarter 1-8
2021-03-15 16:26:21,900 INFO o.a.j.t.JMeterThread: Thread started: Baja-prueba-ThreadStarter 1-9
2021-03-15 16:26:21,901 INFO o.a.j.p.h.s.h.LazyLayeredConnectionSocketFactory: Setting up HTTPS TrustAll Socket Factory
2021-03-15 16:26:21,902 INFO o.a.j.t.JMeterThread: Thread started: Baja-prueba-ThreadStarter 1-10
2021-03-15 16:26:21,903 INFO o.a.j.t.JMeterThread: Thread started: Baja-prueba-ThreadStarter 1-11
2021-03-15 16:26:21,906 INFO o.a.j.u.JsseSSLManager: Using default SSL protocol: TLS
2021-03-15 16:26:21,908 INFO o.a.j.u.JsseSSLManager: SSL session context: per-thread
2021-03-15 16:26:21,910 INFO o.a.j.t.JMeterThread: Thread started: Baja-prueba-ThreadStarter 1-12
2021-03-15 16:26:21,918 INFO o.a.j.t.JMeterThread: Thread started: Baja-prueba-ThreadStarter 1-13
2021-03-15 16:26:21,920 INFO o.a.j.t.JMeterThread: Thread started: Baja-prueba-ThreadStarter 1-14
2021-03-15 16:26:21,925 INFO o.a.j.t.JMeterThread: Thread started: Baja-prueba-ThreadStarter 1-15
2021-03-15 16:26:40,048 INFO o.a.j.g.a.Start: Stopping test
2021-03-15 16:26:40,076 INFO o.a.j.t.JMeterThread: Stopping: Baja-prueba-ThreadStarter 1-15
2021-03-15 16:26:40,076 WARN o.a.j.t.JMeterThread: Interrupting: Baja-prueba-ThreadStarter 1-15 sampler: HTTP Request
2021-03-15 16:26:40,076 INFO c.b.j.t.c.ConcurrencyThreadStarter: Done supplying threads
2021-03-15 16:26:40,077 INFO o.a.j.t.JMeterThread: Stopping: Baja-prueba-ThreadStarter 1-5
2021-03-15 16:26:40,077 WARN o.a.j.t.JMeterThread: Interrupting: Baja-prueba-ThreadStarter 1-5 sampler: HTTP Request
2021-03-15 16:26:40,078 INFO o.a.j.t.JMeterThread: Thread is done: Baja-prueba-ThreadStarter 1-15
2021-03-15 16:26:40,078 INFO o.a.j.t.JMeterThread: Thread finished: Baja-prueba-ThreadStarter 1-15
2021-03-15 16:26:40,078 INFO o.a.j.t.JMeterThread: Stopping: Baja-prueba-ThreadStarter 1-2
2021-03-15 16:26:40,078 INFO o.a.j.e.StandardJMeterEngine: Notifying test listeners of end of test
2021-03-15 16:26:40,078 WARN o.a.j.t.JMeterThread: Interrupting: Baja-prueba-ThreadStarter 1-2 sampler: HTTP Request
2021-03-15 16:26:40,079 INFO o.a.j.t.JMeterThread: Thread is done: Baja-prueba-ThreadStarter 1-5
2021-03-15 16:26:40,079 INFO o.a.j.g.u.JMeterMenuBar: setRunning(false, *local*)
2021-03-15 16:26:40,079 INFO o.a.j.t.JMeterThread: Thread finished: Baja-prueba-ThreadStarter 1-5
2021-03-15 16:26:40,079 INFO o.a.j.t.JMeterThread: Stopping: Baja-prueba-ThreadStarter 1-12
2021-03-15 16:26:40,079 WARN o.a.j.t.JMeterThread: Interrupting: Baja-prueba-ThreadStarter 1-12 sampler: HTTP Request
2021-03-15 16:26:40,079 INFO o.a.j.t.JMeterThread: Thread is done: Baja-prueba-ThreadStarter 1-2
2021-03-15 16:26:40,079 INFO o.a.j.t.JMeterThread: Thread finished: Baja-prueba-ThreadStarter 1-2
2021-03-15 16:26:40,080 INFO o.a.j.t.JMeterThread: Stopping: Baja-prueba-ThreadStarter 1-1
2021-03-15 16:26:40,080 WARN o.a.j.t.JMeterThread: Interrupting: Baja-prueba-ThreadStarter 1-1 sampler: HTTP Request
2021-03-15 16:26:40,081 INFO o.a.j.t.JMeterThread: Thread is done: Baja-prueba-ThreadStarter 1-12
2021-03-15 16:26:40,081 INFO o.a.j.t.JMeterThread: Thread finished: Baja-prueba-ThreadStarter 1-12
2021-03-15 16:26:40,081 INFO o.a.j.t.JMeterThread: Stopping: Baja-prueba-ThreadStarter 1-6
2021-03-15 16:26:40,081 WARN o.a.j.t.JMeterThread: Interrupting: Baja-prueba-ThreadStarter 1-6 sampler: HTTP Request
2021-03-15 16:26:40,083 INFO o.a.j.t.JMeterThread: Thread is done: Baja-prueba-ThreadStarter 1-1
2021-03-15 16:26:40,083 INFO o.a.j.t.JMeterThread: Thread finished: Baja-prueba-ThreadStarter 1-1
2021-03-15 16:26:40,083 INFO o.a.j.t.JMeterThread: Stopping: Baja-prueba-ThreadStarter 1-8
2021-03-15 16:26:40,083 WARN o.a.j.t.JMeterThread: Interrupting: Baja-prueba-ThreadStarter 1-8 sampler: HTTP Request
2021-03-15 16:26:40,083 INFO o.a.j.t.JMeterThread: Thread is done: Baja-prueba-ThreadStarter 1-6
2021-03-15 16:26:40,084 INFO o.a.j.t.JMeterThread: Thread finished: Baja-prueba-ThreadStarter 1-6
2021-03-15 16:26:40,084 INFO o.a.j.t.JMeterThread: Stopping: Baja-prueba-ThreadStarter 1-14
2021-03-15 16:26:40,084 WARN o.a.j.t.JMeterThread: Interrupting: Baja-prueba-ThreadStarter 1-14 sampler: HTTP Request
2021-03-15 16:26:40,085 INFO o.a.j.t.JMeterThread: Thread is done: Baja-prueba-ThreadStarter 1-8
2021-03-15 16:26:40,086 INFO o.a.j.t.JMeterThread: Thread finished: Baja-prueba-ThreadStarter 1-8
2021-03-15 16:26:40,086 INFO o.a.j.t.JMeterThread: Stopping: Baja-prueba-ThreadStarter 1-11
2021-03-15 16:26:40,086 INFO o.a.j.t.JMeterThread: Thread is done: Baja-prueba-ThreadStarter 1-14
2021-03-15 16:26:40,086 INFO o.a.j.t.JMeterThread: Thread finished: Baja-prueba-ThreadStarter 1-14
2021-03-15 16:26:40,087 WARN o.a.j.t.JMeterThread: Interrupting: Baja-prueba-ThreadStarter 1-11 sampler: HTTP Request
2021-03-15 16:26:40,087 INFO o.a.j.t.JMeterThread: Stopping: Baja-prueba-ThreadStarter 1-9
2021-03-15 16:26:40,087 WARN o.a.j.t.JMeterThread: Interrupting: Baja-prueba-ThreadStarter 1-9 sampler: HTTP Request
2021-03-15 16:26:40,087 INFO o.a.j.t.JMeterThread: Thread is done: Baja-prueba-ThreadStarter 1-11
2021-03-15 16:26:40,087 INFO o.a.j.t.JMeterThread: Thread finished: Baja-prueba-ThreadStarter 1-11
2021-03-15 16:26:40,088 INFO o.a.j.t.JMeterThread: Stopping: Baja-prueba-ThreadStarter 1-4
2021-03-15 16:26:40,088 WARN o.a.j.t.JMeterThread: Interrupting: Baja-prueba-ThreadStarter 1-4 sampler: HTTP Request
2021-03-15 16:26:40,088 INFO o.a.j.t.JMeterThread: Thread is done: Baja-prueba-ThreadStarter 1-9
2021-03-15 16:26:40,088 INFO o.a.j.t.JMeterThread: Thread finished: Baja-prueba-ThreadStarter 1-9
2021-03-15 16:26:40,090 INFO o.a.j.t.JMeterThread: Stopping: Baja-prueba-ThreadStarter 1-7
2021-03-15 16:26:40,090 WARN o.a.j.t.JMeterThread: Interrupting: Baja-prueba-ThreadStarter 1-7 sampler: HTTP Request
2021-03-15 16:26:40,091 INFO o.a.j.t.JMeterThread: Stopping: Baja-prueba-ThreadStarter 1-10
2021-03-15 16:26:40,091 INFO o.a.j.t.JMeterThread: Thread is done: Baja-prueba-ThreadStarter 1-4
2021-03-15 16:26:40,091 WARN o.a.j.t.JMeterThread: Interrupting: Baja-prueba-ThreadStarter 1-10 sampler: HTTP Request
2021-03-15 16:26:40,091 INFO o.a.j.t.JMeterThread: Thread finished: Baja-prueba-ThreadStarter 1-4
2021-03-15 16:26:40,091 INFO o.a.j.t.JMeterThread: Thread is done: Baja-prueba-ThreadStarter 1-7
2021-03-15 16:26:40,091 INFO o.a.j.t.JMeterThread: Thread finished: Baja-prueba-ThreadStarter 1-7
2021-03-15 16:26:40,092 INFO o.a.j.t.JMeterThread: Stopping: Baja-prueba-ThreadStarter 1-3
2021-03-15 16:26:40,092 WARN o.a.j.t.JMeterThread: Interrupting: Baja-prueba-ThreadStarter 1-3 sampler: HTTP Request
2021-03-15 16:26:40,092 INFO o.a.j.t.JMeterThread: Stopping: Baja-prueba-ThreadStarter 1-13
2021-03-15 16:26:40,092 INFO o.a.j.t.JMeterThread: Thread is done: Baja-prueba-ThreadStarter 1-10
2021-03-15 16:26:40,092 WARN o.a.j.t.JMeterThread: Interrupting: Baja-prueba-ThreadStarter 1-13 sampler: HTTP Request
2021-03-15 16:26:40,092 INFO o.a.j.t.JMeterThread: Thread finished: Baja-prueba-ThreadStarter 1-10
2021-03-15 16:26:40,092 INFO o.a.j.t.JMeterThread: Thread is done: Baja-prueba-ThreadStarter 1-3
2021-03-15 16:26:40,092 INFO o.a.j.t.JMeterThread: Thread finished: Baja-prueba-ThreadStarter 1-3
2021-03-15 16:26:40,093 INFO o.a.j.t.JMeterThread: Thread is done: Baja-prueba-ThreadStarter 1-13
2021-03-15 16:26:40,093 INFO o.a.j.t.JMeterThread: Thread finished: Baja-prueba-ThreadStarter 1-13
2021-03-15 16:27:12,380 INFO o.a.j.e.StandardJMeterEngine: Running the test!
2021-03-15 16:27:12,380 INFO o.a.j.s.SampleEvent: List of sample_variables: []
2021-03-15 16:27:12,383 INFO o.a.j.g.u.JMeterMenuBar: setRunning(true, *local*)
2021-03-15 16:27:12,476 INFO o.a.j.e.StandardJMeterEngine: Starting ThreadGroup: 1 : Baja-prueba
2021-03-15 16:27:12,476 INFO o.a.j.e.StandardJMeterEngine: Starting 150 threads for group Baja-prueba.
2021-03-15 16:27:12,476 INFO o.a.j.e.StandardJMeterEngine: Thread will continue on error
2021-03-15 16:27:12,477 INFO o.a.j.e.StandardJMeterEngine: All thread groups have been started
2021-03-15 16:27:12,477 INFO c.b.j.t.c.ConcurrencyThreadStarter: Start supplying threads
2021-03-15 16:27:12,478 INFO o.a.j.t.JMeterThread: Thread started: Baja-prueba-ThreadStarter 1-1
2021-03-15 16:27:12,478 INFO o.a.j.t.JMeterThread: Thread started: Baja-prueba-ThreadStarter 1-2
2021-03-15 16:27:12,479 INFO o.a.j.t.JMeterThread: Thread started: Baja-prueba-ThreadStarter 1-3
2021-03-15 16:27:12,484 INFO o.a.j.t.JMeterThread: Thread started: Baja-prueba-ThreadStarter 1-4
2021-03-15 16:27:12,487 INFO o.a.j.t.JMeterThread: Thread started: Baja-prueba-ThreadStarter 1-5
2021-03-15 16:27:12,490 INFO o.a.j.t.JMeterThread: Thread started: Baja-prueba-ThreadStarter 1-6
2021-03-15 16:27:12,493 INFO o.a.j.t.JMeterThread: Thread started: Baja-prueba-ThreadStarter 1-7
2021-03-15 16:27:12,496 INFO o.a.j.t.JMeterThread: Thread started: Baja-prueba-ThreadStarter 1-8
2021-03-15 16:27:12,500 INFO o.a.j.t.JMeterThread: Thread started: Baja-prueba-ThreadStarter 1-9
2021-03-15 16:27:12,502 INFO o.a.j.t.JMeterThread: Thread started: Baja-prueba-ThreadStarter 1-10
2021-03-15 16:27:12,504 INFO o.a.j.t.JMeterThread: Thread started: Baja-prueba-ThreadStarter 1-11
2021-03-15 16:27:12,507 INFO o.a.j.t.JMeterThread: Thread started: Baja-prueba-ThreadStarter 1-12
2021-03-15 16:27:12,510 INFO o.a.j.t.JMeterThread: Thread started: Baja-prueba-ThreadStarter 1-13
2021-03-15 16:27:12,516 INFO o.a.j.t.JMeterThread: Thread started: Baja-prueba-ThreadStarter 1-14
2021-03-15 16:27:12,521 INFO o.a.j.t.JMeterThread: Thread started: Baja-prueba-ThreadStarter 1-15
2021-03-15 16:27:12,658 INFO o.a.j.u.SSLManager: JmeterKeyStore Location:  type JKS
2021-03-15 16:27:12,660 INFO o.a.j.u.SSLManager: KeyStore created OK
2021-03-15 16:27:12,660 WARN o.a.j.u.SSLManager: Keystore file not found, loading empty keystore
2021-03-15 16:27:15,004 INFO o.a.j.g.a.Start: Stopping test
2021-03-15 16:27:15,020 INFO c.b.j.t.c.ConcurrencyThreadStarter: Done supplying threads
2021-03-15 16:27:15,020 INFO o.a.j.t.JMeterThread: Stopping: Baja-prueba-ThreadStarter 1-5
2021-03-15 16:27:15,021 WARN o.a.j.t.JMeterThread: Interrupting: Baja-prueba-ThreadStarter 1-5 sampler: HTTP Request
2021-03-15 16:27:15,022 INFO o.a.j.t.JMeterThread: Stopping: Baja-prueba-ThreadStarter 1-10
2021-03-15 16:27:15,022 WARN o.a.j.t.JMeterThread: Interrupting: Baja-prueba-ThreadStarter 1-10 sampler: HTTP Request
2021-03-15 16:27:15,023 INFO o.a.j.t.JMeterThread: Stopping: Baja-prueba-ThreadStarter 1-1
2021-03-15 16:27:15,023 WARN o.a.j.t.JMeterThread: Interrupting: Baja-prueba-ThreadStarter 1-1 sampler: HTTP Request
2021-03-15 16:27:15,025 INFO o.a.j.t.JMeterThread: Stopping: Baja-prueba-ThreadStarter 1-7
2021-03-15 16:27:15,025 WARN o.a.j.t.JMeterThread: Interrupting: Baja-prueba-ThreadStarter 1-7 sampler: HTTP Request
2021-03-15 16:27:15,026 INFO o.a.j.t.JMeterThread: Thread is done: Baja-prueba-ThreadStarter 1-5
2021-03-15 16:27:15,026 INFO o.a.j.t.JMeterThread: Thread finished: Baja-prueba-ThreadStarter 1-5
2021-03-15 16:27:15,027 INFO o.a.j.t.JMeterThread: Thread is done: Baja-prueba-ThreadStarter 1-1
2021-03-15 16:27:15,027 INFO o.a.j.t.JMeterThread: Thread finished: Baja-prueba-ThreadStarter 1-1
2021-03-15 16:27:15,027 INFO o.a.j.t.JMeterThread: Stopping: Baja-prueba-ThreadStarter 1-8
2021-03-15 16:27:15,028 WARN o.a.j.t.JMeterThread: Interrupting: Baja-prueba-ThreadStarter 1-8 sampler: HTTP Request
2021-03-15 16:27:15,028 INFO o.a.j.t.JMeterThread: Thread is done: Baja-prueba-ThreadStarter 1-10
2021-03-15 16:27:15,029 INFO o.a.j.e.StandardJMeterEngine: Notifying test listeners of end of test
2021-03-15 16:27:15,031 INFO o.a.j.t.JMeterThread: Thread finished: Baja-prueba-ThreadStarter 1-10
2021-03-15 16:27:15,031 INFO o.a.j.g.u.JMeterMenuBar: setRunning(false, *local*)
2021-03-15 16:27:15,032 INFO o.a.j.t.JMeterThread: Thread is done: Baja-prueba-ThreadStarter 1-7
2021-03-15 16:27:15,032 INFO o.a.j.t.JMeterThread: Thread finished: Baja-prueba-ThreadStarter 1-7
2021-03-15 16:27:15,032 INFO o.a.j.t.JMeterThread: Stopping: Baja-prueba-ThreadStarter 1-2
2021-03-15 16:27:15,033 WARN o.a.j.t.JMeterThread: Interrupting: Baja-prueba-ThreadStarter 1-2 sampler: HTTP Request
2021-03-15 16:27:15,034 INFO o.a.j.t.JMeterThread: Thread is done: Baja-prueba-ThreadStarter 1-8
2021-03-15 16:27:15,034 INFO o.a.j.t.JMeterThread: Thread finished: Baja-prueba-ThreadStarter 1-8
2021-03-15 16:27:15,037 INFO o.a.j.t.JMeterThread: Stopping: Baja-prueba-ThreadStarter 1-15
2021-03-15 16:27:15,037 WARN o.a.j.t.JMeterThread: Interrupting: Baja-prueba-ThreadStarter 1-15 sampler: HTTP Request
2021-03-15 16:27:15,037 INFO o.a.j.t.JMeterThread: Thread is done: Baja-prueba-ThreadStarter 1-2
2021-03-15 16:27:15,038 INFO o.a.j.t.JMeterThread: Thread finished: Baja-prueba-ThreadStarter 1-2
2021-03-15 16:27:15,038 INFO o.a.j.t.JMeterThread: Stopping: Baja-prueba-ThreadStarter 1-4
2021-03-15 16:27:15,038 WARN o.a.j.t.JMeterThread: Interrupting: Baja-prueba-ThreadStarter 1-4 sampler: HTTP Request
2021-03-15 16:27:15,040 INFO o.a.j.t.JMeterThread: Thread is done: Baja-prueba-ThreadStarter 1-15
2021-03-15 16:27:15,040 INFO o.a.j.t.JMeterThread: Thread finished: Baja-prueba-ThreadStarter 1-15
2021-03-15 16:27:15,041 INFO o.a.j.t.JMeterThread: Stopping: Baja-prueba-ThreadStarter 1-9
2021-03-15 16:27:15,041 WARN o.a.j.t.JMeterThread: Interrupting: Baja-prueba-ThreadStarter 1-9 sampler: HTTP Request
2021-03-15 16:27:15,043 INFO o.a.j.t.JMeterThread: Thread is done: Baja-prueba-ThreadStarter 1-4
2021-03-15 16:27:15,043 INFO o.a.j.t.JMeterThread: Thread finished: Baja-prueba-ThreadStarter 1-4
2021-03-15 16:27:15,044 INFO o.a.j.t.JMeterThread: Stopping: Baja-prueba-ThreadStarter 1-12
2021-03-15 16:27:15,044 WARN o.a.j.t.JMeterThread: Interrupting: Baja-prueba-ThreadStarter 1-12 sampler: HTTP Request
2021-03-15 16:27:15,045 INFO o.a.j.t.JMeterThread: Thread is done: Baja-prueba-ThreadStarter 1-9
2021-03-15 16:27:15,045 INFO o.a.j.t.JMeterThread: Thread finished: Baja-prueba-ThreadStarter 1-9
2021-03-15 16:27:15,045 INFO o.a.j.t.JMeterThread: Stopping: Baja-prueba-ThreadStarter 1-6
2021-03-15 16:27:15,046 WARN o.a.j.t.JMeterThread: Interrupting: Baja-prueba-ThreadStarter 1-6 sampler: HTTP Request
2021-03-15 16:27:15,047 INFO o.a.j.t.JMeterThread: Thread is done: Baja-prueba-ThreadStarter 1-12
2021-03-15 16:27:15,048 INFO o.a.j.t.JMeterThread: Thread finished: Baja-prueba-ThreadStarter 1-12
2021-03-15 16:27:15,049 INFO o.a.j.t.JMeterThread: Stopping: Baja-prueba-ThreadStarter 1-14
2021-03-15 16:27:15,049 WARN o.a.j.t.JMeterThread: Interrupting: Baja-prueba-ThreadStarter 1-14 sampler: HTTP Request
2021-03-15 16:27:15,052 INFO o.a.j.t.JMeterThread: Stopping: Baja-prueba-ThreadStarter 1-13
2021-03-15 16:27:15,052 INFO o.a.j.t.JMeterThread: Thread is done: Baja-prueba-ThreadStarter 1-6
2021-03-15 16:27:15,053 WARN o.a.j.t.JMeterThread: Interrupting: Baja-prueba-ThreadStarter 1-13 sampler: HTTP Request
2021-03-15 16:27:15,053 INFO o.a.j.t.JMeterThread: Thread is done: Baja-prueba-ThreadStarter 1-14
2021-03-15 16:27:15,053 INFO o.a.j.t.JMeterThread: Thread finished: Baja-prueba-ThreadStarter 1-14
2021-03-15 16:27:15,053 INFO o.a.j.t.JMeterThread: Thread finished: Baja-prueba-ThreadStarter 1-6
2021-03-15 16:27:15,053 INFO o.a.j.t.JMeterThread: Stopping: Baja-prueba-ThreadStarter 1-11
2021-03-15 16:27:15,053 WARN o.a.j.t.JMeterThread: Interrupting: Baja-prueba-ThreadStarter 1-11 sampler: HTTP Request
2021-03-15 16:27:15,054 INFO o.a.j.t.JMeterThread: Thread is done: Baja-prueba-ThreadStarter 1-13
2021-03-15 16:27:15,054 INFO o.a.j.t.JMeterThread: Thread finished: Baja-prueba-ThreadStarter 1-13
2021-03-15 16:27:15,055 INFO o.a.j.t.JMeterThread: Stopping: Baja-prueba-ThreadStarter 1-3
2021-03-15 16:27:15,055 WARN o.a.j.t.JMeterThread: Interrupting: Baja-prueba-ThreadStarter 1-3 sampler: HTTP Request
2021-03-15 16:27:15,055 INFO o.a.j.t.JMeterThread: Thread is done: Baja-prueba-ThreadStarter 1-11
2021-03-15 16:27:15,056 INFO o.a.j.t.JMeterThread: Thread finished: Baja-prueba-ThreadStarter 1-11
2021-03-15 16:27:15,057 INFO o.a.j.t.JMeterThread: Thread is done: Baja-prueba-ThreadStarter 1-3
2021-03-15 16:27:15,058 INFO o.a.j.t.JMeterThread: Thread finished: Baja-prueba-ThreadStarter 1-3
2021-03-15 16:27:36,014 INFO o.a.j.e.StandardJMeterEngine: Running the test!
2021-03-15 16:27:36,014 INFO o.a.j.s.SampleEvent: List of sample_variables: []
2021-03-15 16:27:36,016 INFO o.a.j.g.u.JMeterMenuBar: setRunning(true, *local*)
2021-03-15 16:27:36,155 INFO o.a.j.e.StandardJMeterEngine: Starting ThreadGroup: 1 : Baja-prueba
2021-03-15 16:27:36,155 INFO o.a.j.e.StandardJMeterEngine: Starting 150 threads for group Baja-prueba.
2021-03-15 16:27:36,156 INFO o.a.j.e.StandardJMeterEngine: Thread will continue on error
2021-03-15 16:27:36,157 INFO o.a.j.e.StandardJMeterEngine: All thread groups have been started
2021-03-15 16:27:36,157 INFO c.b.j.t.c.ConcurrencyThreadStarter: Start supplying threads
2021-03-15 16:27:36,159 INFO o.a.j.t.JMeterThread: Thread started: Baja-prueba-ThreadStarter 1-1
2021-03-15 16:27:36,160 INFO o.a.j.t.JMeterThread: Thread started: Baja-prueba-ThreadStarter 1-2
2021-03-15 16:27:36,164 INFO o.a.j.t.JMeterThread: Thread started: Baja-prueba-ThreadStarter 1-3
2021-03-15 16:27:36,170 INFO o.a.j.t.JMeterThread: Thread started: Baja-prueba-ThreadStarter 1-4
2021-03-15 16:27:36,174 INFO o.a.j.t.JMeterThread: Thread started: Baja-prueba-ThreadStarter 1-5
2021-03-15 16:27:36,175 INFO o.a.j.t.JMeterThread: Thread started: Baja-prueba-ThreadStarter 1-6
2021-03-15 16:27:36,177 INFO o.a.j.t.JMeterThread: Thread started: Baja-prueba-ThreadStarter 1-7
2021-03-15 16:27:36,177 INFO o.a.j.t.JMeterThread: Thread started: Baja-prueba-ThreadStarter 1-8
2021-03-15 16:27:36,180 INFO o.a.j.t.JMeterThread: Thread started: Baja-prueba-ThreadStarter 1-10
2021-03-15 16:27:36,180 INFO o.a.j.t.JMeterThread: Thread started: Baja-prueba-ThreadStarter 1-11
2021-03-15 16:27:36,182 INFO o.a.j.t.JMeterThread: Thread started: Baja-prueba-ThreadStarter 1-12
2021-03-15 16:27:36,183 INFO o.a.j.t.JMeterThread: Thread started: Baja-prueba-ThreadStarter 1-13
2021-03-15 16:27:36,185 INFO o.a.j.t.JMeterThread: Thread started: Baja-prueba-ThreadStarter 1-14
2021-03-15 16:27:36,187 INFO o.a.j.t.JMeterThread: Thread started: Baja-prueba-ThreadStarter 1-15
2021-03-15 16:27:36,179 INFO o.a.j.t.JMeterThread: Thread started: Baja-prueba-ThreadStarter 1-9
2021-03-15 16:27:38,714 INFO o.a.j.g.a.Start: Stopping test
2021-03-15 16:27:38,738 INFO c.b.j.t.c.ConcurrencyThreadStarter: Done supplying threads
2021-03-15 16:27:38,738 INFO o.a.j.t.JMeterThread: Stopping: Baja-prueba-ThreadStarter 1-11
2021-03-15 16:27:38,739 WARN o.a.j.t.JMeterThread: Interrupting: Baja-prueba-ThreadStarter 1-11 sampler: HTTP Request
2021-03-15 16:27:38,739 INFO o.a.j.t.JMeterThread: Stopping: Baja-prueba-ThreadStarter 1-2
2021-03-15 16:27:38,739 WARN o.a.j.t.JMeterThread: Interrupting: Baja-prueba-ThreadStarter 1-2 sampler: HTTP Request
2021-03-15 16:27:38,740 INFO o.a.j.t.JMeterThread: Stopping: Baja-prueba-ThreadStarter 1-6
2021-03-15 16:27:38,740 WARN o.a.j.t.JMeterThread: Interrupting: Baja-prueba-ThreadStarter 1-6 sampler: HTTP Request
2021-03-15 16:27:38,740 INFO o.a.j.t.JMeterThread: Thread is done: Baja-prueba-ThreadStarter 1-11
2021-03-15 16:27:38,740 INFO o.a.j.t.JMeterThread: Thread finished: Baja-prueba-ThreadStarter 1-11
2021-03-15 16:27:38,741 INFO o.a.j.e.StandardJMeterEngine: Notifying test listeners of end of test
2021-03-15 16:27:38,741 INFO o.a.j.g.u.JMeterMenuBar: setRunning(false, *local*)
2021-03-15 16:27:38,741 INFO o.a.j.t.JMeterThread: Stopping: Baja-prueba-ThreadStarter 1-9
2021-03-15 16:27:38,742 WARN o.a.j.t.JMeterThread: Interrupting: Baja-prueba-ThreadStarter 1-9 sampler: HTTP Request
2021-03-15 16:27:38,742 INFO o.a.j.t.JMeterThread: Thread is done: Baja-prueba-ThreadStarter 1-6
2021-03-15 16:27:38,742 INFO o.a.j.t.JMeterThread: Thread finished: Baja-prueba-ThreadStarter 1-6
2021-03-15 16:27:38,743 INFO o.a.j.t.JMeterThread: Stopping: Baja-prueba-ThreadStarter 1-10
2021-03-15 16:27:38,743 WARN o.a.j.t.JMeterThread: Interrupting: Baja-prueba-ThreadStarter 1-10 sampler: HTTP Request
2021-03-15 16:27:38,744 INFO o.a.j.t.JMeterThread: Thread is done: Baja-prueba-ThreadStarter 1-2
2021-03-15 16:27:38,744 INFO o.a.j.t.JMeterThread: Thread is done: Baja-prueba-ThreadStarter 1-9
2021-03-15 16:27:38,744 INFO o.a.j.t.JMeterThread: Thread finished: Baja-prueba-ThreadStarter 1-2
2021-03-15 16:27:38,745 INFO o.a.j.t.JMeterThread: Thread finished: Baja-prueba-ThreadStarter 1-9
2021-03-15 16:27:38,746 INFO o.a.j.t.JMeterThread: Stopping: Baja-prueba-ThreadStarter 1-12
2021-03-15 16:27:38,746 WARN o.a.j.t.JMeterThread: Interrupting: Baja-prueba-ThreadStarter 1-12 sampler: HTTP Request
2021-03-15 16:27:38,747 INFO o.a.j.t.JMeterThread: Thread is done: Baja-prueba-ThreadStarter 1-10
2021-03-15 16:27:38,747 INFO o.a.j.t.JMeterThread: Thread finished: Baja-prueba-ThreadStarter 1-10
2021-03-15 16:27:38,747 INFO o.a.j.t.JMeterThread: Stopping: Baja-prueba-ThreadStarter 1-7
2021-03-15 16:27:38,747 WARN o.a.j.t.JMeterThread: Interrupting: Baja-prueba-ThreadStarter 1-7 sampler: HTTP Request
2021-03-15 16:27:38,748 INFO o.a.j.t.JMeterThread: Stopping: Baja-prueba-ThreadStarter 1-3
2021-03-15 16:27:38,748 WARN o.a.j.t.JMeterThread: Interrupting: Baja-prueba-ThreadStarter 1-3 sampler: HTTP Request
2021-03-15 16:27:38,748 INFO o.a.j.t.JMeterThread: Thread is done: Baja-prueba-ThreadStarter 1-7
2021-03-15 16:27:38,748 INFO o.a.j.t.JMeterThread: Thread is done: Baja-prueba-ThreadStarter 1-12
2021-03-15 16:27:38,749 INFO o.a.j.t.JMeterThread: Stopping: Baja-prueba-ThreadStarter 1-1
2021-03-15 16:27:38,749 WARN o.a.j.t.JMeterThread: Interrupting: Baja-prueba-ThreadStarter 1-1 sampler: HTTP Request
2021-03-15 16:27:38,749 INFO o.a.j.t.JMeterThread: Thread finished: Baja-prueba-ThreadStarter 1-7
2021-03-15 16:27:38,750 INFO o.a.j.t.JMeterThread: Thread finished: Baja-prueba-ThreadStarter 1-12
2021-03-15 16:27:38,752 INFO o.a.j.t.JMeterThread: Thread is done: Baja-prueba-ThreadStarter 1-3
2021-03-15 16:27:38,752 INFO o.a.j.t.JMeterThread: Thread finished: Baja-prueba-ThreadStarter 1-3
2021-03-15 16:27:38,753 INFO o.a.j.t.JMeterThread: Stopping: Baja-prueba-ThreadStarter 1-15
2021-03-15 16:27:38,753 WARN o.a.j.t.JMeterThread: Interrupting: Baja-prueba-ThreadStarter 1-15 sampler: HTTP Request
2021-03-15 16:27:38,754 INFO o.a.j.t.JMeterThread: Thread is done: Baja-prueba-ThreadStarter 1-1
2021-03-15 16:27:38,754 INFO o.a.j.t.JMeterThread: Thread finished: Baja-prueba-ThreadStarter 1-1
2021-03-15 16:27:38,755 INFO o.a.j.t.JMeterThread: Stopping: Baja-prueba-ThreadStarter 1-8
2021-03-15 16:27:38,755 WARN o.a.j.t.JMeterThread: Interrupting: Baja-prueba-ThreadStarter 1-8 sampler: HTTP Request
2021-03-15 16:27:38,755 INFO o.a.j.t.JMeterThread: Stopping: Baja-prueba-ThreadStarter 1-4
2021-03-15 16:27:38,755 WARN o.a.j.t.JMeterThread: Interrupting: Baja-prueba-ThreadStarter 1-4 sampler: HTTP Request
2021-03-15 16:27:38,755 INFO o.a.j.t.JMeterThread: Thread is done: Baja-prueba-ThreadStarter 1-15
2021-03-15 16:27:38,757 INFO o.a.j.t.JMeterThread: Thread finished: Baja-prueba-ThreadStarter 1-15
2021-03-15 16:27:38,756 INFO o.a.j.t.JMeterThread: Thread is done: Baja-prueba-ThreadStarter 1-8
2021-03-15 16:27:38,762 INFO o.a.j.t.JMeterThread: Thread finished: Baja-prueba-ThreadStarter 1-8
2021-03-15 16:27:38,763 INFO o.a.j.t.JMeterThread: Thread is done: Baja-prueba-ThreadStarter 1-4
2021-03-15 16:27:38,763 INFO o.a.j.t.JMeterThread: Thread finished: Baja-prueba-ThreadStarter 1-4
2021-03-15 16:27:38,757 INFO o.a.j.t.JMeterThread: Stopping: Baja-prueba-ThreadStarter 1-5
2021-03-15 16:27:38,763 WARN o.a.j.t.JMeterThread: Interrupting: Baja-prueba-ThreadStarter 1-5 sampler: HTTP Request
2021-03-15 16:27:38,763 INFO o.a.j.t.JMeterThread: Stopping: Baja-prueba-ThreadStarter 1-13
2021-03-15 16:27:38,763 WARN o.a.j.t.JMeterThread: Interrupting: Baja-prueba-ThreadStarter 1-13 sampler: HTTP Request
2021-03-15 16:27:38,764 INFO o.a.j.t.JMeterThread: Stopping: Baja-prueba-ThreadStarter 1-14
2021-03-15 16:27:38,764 WARN o.a.j.t.JMeterThread: Interrupting: Baja-prueba-ThreadStarter 1-14 sampler: HTTP Request
2021-03-15 16:27:38,764 INFO o.a.j.t.JMeterThread: Thread is done: Baja-prueba-ThreadStarter 1-5
2021-03-15 16:27:38,764 INFO o.a.j.t.JMeterThread: Thread finished: Baja-prueba-ThreadStarter 1-5
2021-03-15 16:27:38,765 INFO o.a.j.t.JMeterThread: Thread is done: Baja-prueba-ThreadStarter 1-13
2021-03-15 16:27:38,765 INFO o.a.j.t.JMeterThread: Thread finished: Baja-prueba-ThreadStarter 1-13
2021-03-15 16:27:38,767 INFO o.a.j.t.JMeterThread: Thread is done: Baja-prueba-ThreadStarter 1-14
2021-03-15 16:27:38,767 INFO o.a.j.t.JMeterThread: Thread finished: Baja-prueba-ThreadStarter 1-14
2021-03-15 16:31:59,077 INFO o.a.j.g.a.Load: Loading file: /Users/everis/Downloads/jmx-82YI.jmx
2021-03-15 16:31:59,079 INFO o.a.j.s.FileServer: Set new base='/Users/everis/Downloads'
2021-03-15 16:31:59,080 INFO o.a.j.s.SaveService: Loading file: /Users/everis/Downloads/jmx-82YI.jmx
2021-03-15 16:31:59,172 WARN o.a.j.g.a.Load: Unexpected error. java.lang.NullPointerException
java.lang.NullPointerException: null
	at java.util.ArrayDeque.addLast(ArrayDeque.java:303) ~[?:?]
	at java.util.ArrayDeque.add(ArrayDeque.java:494) ~[?:?]
	at org.apache.jmeter.gui.action.LoadRecentProject.updateRecentFileMenuItems(LoadRecentProject.java:125) ~[ApacheJMeter_core.jar:5.4]
	at org.apache.jmeter.gui.util.JMeterMenuBar.setProjectFileLoaded(JMeterMenuBar.java:144) ~[ApacheJMeter_core.jar:5.4]
	at org.apache.jmeter.gui.MainFrame.setProjectFileLoaded(MainFrame.java:330) ~[ApacheJMeter_core.jar:5.4]
	at org.apache.jmeter.gui.GuiPackage.setTestPlanFile(GuiPackage.java:732) ~[ApacheJMeter_core.jar:5.4]
	at org.apache.jmeter.gui.action.Load.loadProjectFile(Load.java:136) ~[ApacheJMeter_core.jar:5.4]
	at org.apache.jmeter.gui.action.Load.loadProjectFile(Load.java:101) ~[ApacheJMeter_core.jar:5.4]
	at org.apache.jmeter.gui.action.Load.doActionAfterCheck(Load.java:88) ~[ApacheJMeter_core.jar:5.4]
	at org.apache.jmeter.gui.action.AbstractActionWithNoRunningTest.doAction(AbstractActionWithNoRunningTest.java:44) ~[ApacheJMeter_core.jar:5.4]
	at org.apache.jmeter.gui.action.ActionRouter.performAction(ActionRouter.java:87) ~[ApacheJMeter_core.jar:5.4]
	at org.apache.jmeter.gui.action.ActionRouter.lambda$actionPerformed$0(ActionRouter.java:69) ~[ApacheJMeter_core.jar:5.4]
	at java.awt.event.InvocationEvent.dispatch(InvocationEvent.java:316) ~[?:?]
	at java.awt.EventQueue.dispatchEventImpl(EventQueue.java:770) ~[?:?]
	at java.awt.EventQueue$4.run(EventQueue.java:721) ~[?:?]
	at java.awt.EventQueue$4.run(EventQueue.java:715) ~[?:?]
	at java.security.AccessController.doPrivileged(AccessController.java:391) [?:?]
	at java.security.ProtectionDomain$JavaSecurityAccessImpl.doIntersectionPrivilege(ProtectionDomain.java:85) [?:?]
	at java.awt.EventQueue.dispatchEvent(EventQueue.java:740) [?:?]
	at java.awt.EventDispatchThread.pumpOneEventForFilters(EventDispatchThread.java:203) [?:?]
	at java.awt.EventDispatchThread.pumpEventsForFilter(EventDispatchThread.java:124) [?:?]
	at java.awt.EventDispatchThread.pumpEventsForHierarchy(EventDispatchThread.java:113) [?:?]
	at java.awt.EventDispatchThread.pumpEvents(EventDispatchThread.java:109) [?:?]
	at java.awt.EventDispatchThread.pumpEvents(EventDispatchThread.java:101) [?:?]
	at java.awt.EventDispatchThread.run(EventDispatchThread.java:90) [?:?]
2021-03-15 16:31:59,175 ERROR o.a.j.u.JMeterUtils: Unexpected error - see log for details
2021-03-15 16:32:36,566 INFO o.a.j.v.ViewResultsFullVisualizer: Add JavaFX to your Java installation if you want to use renderer: org.apache.jmeter.visualizers.RenderInBrowser
2021-03-15 16:33:21,929 INFO o.a.j.e.StandardJMeterEngine: Running the test!
2021-03-15 16:33:21,931 INFO o.a.j.s.SampleEvent: List of sample_variables: []
2021-03-15 16:33:21,934 INFO o.a.j.g.u.JMeterMenuBar: setRunning(true, *local*)
2021-03-15 16:33:22,170 INFO o.a.j.e.StandardJMeterEngine: Starting ThreadGroup: 1 : Thread Group
2021-03-15 16:33:22,170 INFO o.a.j.e.StandardJMeterEngine: Starting 10 threads for group Thread Group.
2021-03-15 16:33:22,170 INFO o.a.j.e.StandardJMeterEngine: Thread will continue on error
2021-03-15 16:33:22,171 INFO o.a.j.t.ThreadGroup: Starting thread group... number=1 threads=10 ramp-up=600 delayedStart=false
2021-03-15 16:33:22,172 INFO o.a.j.t.JMeterThread: Thread started: Thread Group 1-1
2021-03-15 16:33:22,178 INFO o.a.j.t.ThreadGroup: Started thread group number 1
2021-03-15 16:33:22,178 INFO o.a.j.e.StandardJMeterEngine: All thread groups have been started
2021-03-15 16:33:23,174 INFO o.a.j.t.JMeterThread: Thread is done: Thread Group 1-1
2021-03-15 16:33:23,175 INFO o.a.j.t.JMeterThread: Thread finished: Thread Group 1-1
2021-03-15 16:33:31,212 INFO o.a.j.g.a.Start: Stopping test
2021-03-15 16:33:31,251 INFO o.a.j.t.JMeterThread: Stopping: Thread Group 1-7
2021-03-15 16:33:31,251 INFO o.a.j.t.JMeterThread: Stopping: Thread Group 1-6
2021-03-15 16:33:31,252 INFO o.a.j.t.JMeterThread: Stopping: Thread Group 1-3
2021-03-15 16:33:31,252 INFO o.a.j.t.JMeterThread: Stopping: Thread Group 1-9
2021-03-15 16:33:31,252 INFO o.a.j.t.JMeterThread: Stopping: Thread Group 1-10
2021-03-15 16:33:31,252 INFO o.a.j.t.JMeterThread: Stopping: Thread Group 1-5
2021-03-15 16:33:31,252 INFO o.a.j.t.JMeterThread: Thread started: Thread Group 1-6
2021-03-15 16:33:31,252 INFO o.a.j.t.JMeterThread: Stopping: Thread Group 1-4
2021-03-15 16:33:31,252 INFO o.a.j.t.JMeterThread: Stopping: Thread Group 1-8
2021-03-15 16:33:31,252 INFO o.a.j.t.JMeterThread: Stopping: Thread Group 1-2
2021-03-15 16:33:31,252 INFO o.a.j.t.JMeterThread: Thread finished: Thread Group 1-6
2021-03-15 16:33:31,252 INFO o.a.j.t.JMeterThread: Thread started: Thread Group 1-7
2021-03-15 16:33:31,252 INFO o.a.j.t.JMeterThread: Thread finished: Thread Group 1-7
2021-03-15 16:33:31,252 INFO o.a.j.t.JMeterThread: Thread started: Thread Group 1-3
2021-03-15 16:33:31,252 INFO o.a.j.t.JMeterThread: Thread finished: Thread Group 1-3
2021-03-15 16:33:31,253 INFO o.a.j.t.JMeterThread: Thread started: Thread Group 1-10
2021-03-15 16:33:31,253 INFO o.a.j.t.JMeterThread: Thread started: Thread Group 1-9
2021-03-15 16:33:31,253 INFO o.a.j.t.JMeterThread: Thread finished: Thread Group 1-10
2021-03-15 16:33:31,253 INFO o.a.j.t.JMeterThread: Thread started: Thread Group 1-4
2021-03-15 16:33:31,253 INFO o.a.j.t.JMeterThread: Thread started: Thread Group 1-5
2021-03-15 16:33:31,253 INFO o.a.j.t.JMeterThread: Thread finished: Thread Group 1-4
2021-03-15 16:33:31,253 INFO o.a.j.t.JMeterThread: Thread started: Thread Group 1-8
2021-03-15 16:33:31,253 INFO o.a.j.t.JMeterThread: Thread finished: Thread Group 1-5
2021-03-15 16:33:31,253 INFO o.a.j.t.JMeterThread: Thread finished: Thread Group 1-9
2021-03-15 16:33:31,253 INFO o.a.j.t.JMeterThread: Thread started: Thread Group 1-2
2021-03-15 16:33:31,254 INFO o.a.j.t.JMeterThread: Thread finished: Thread Group 1-2
2021-03-15 16:33:31,254 INFO o.a.j.t.JMeterThread: Thread finished: Thread Group 1-8
2021-03-15 16:33:31,254 INFO o.a.j.e.StandardJMeterEngine: Notifying test listeners of end of test
2021-03-15 16:33:31,254 INFO o.a.j.g.u.JMeterMenuBar: setRunning(false, *local*)
